{"D:\\Projects\\Dev\\Node\\srm-manifest-generator\\src\\app.ts": {"path":"D:\\Projects\\Dev\\Node\\srm-manifest-generator\\src\\app.ts","statementMap":{"0":{"start":{"line":12,"column":23},"end":{"line":12,"column":31}},"1":{"start":{"line":14,"column":1},"end":{"line":17,"column":4}},"2":{"start":{"line":15,"column":2},"end":{"line":17,"column":4}},"3":{"start":{"line":21,"column":1},"end":{"line":28,"column":2}},"4":{"start":{"line":22,"column":23},"end":{"line":22,"column":53}},"5":{"start":{"line":23,"column":2},"end":{"line":23,"column":47}},"6":{"start":{"line":25,"column":2},"end":{"line":27,"column":4}},"7":{"start":{"line":32,"column":20},"end":{"line":32,"column":47}},"8":{"start":{"line":33,"column":23},"end":{"line":33,"column":40}},"9":{"start":{"line":35,"column":1},"end":{"line":41,"column":2}},"10":{"start":{"line":36,"column":2},"end":{"line":40,"column":3}},"11":{"start":{"line":37,"column":3},"end":{"line":37,"column":35}},"12":{"start":{"line":39,"column":3},"end":{"line":39,"column":90}}},"fnMap":{"0":{"name":"processManifest","decl":{"start":{"line":8,"column":15},"end":{"line":8,"column":30}},"loc":{"start":{"line":8,"column":49},"end":{"line":29,"column":1}}},"1":{"name":"startApp","decl":{"start":{"line":31,"column":15},"end":{"line":31,"column":23}},"loc":{"start":{"line":31,"column":23},"end":{"line":42,"column":1}}}},"branchMap":{"0":{"loc":{"start":{"line":14,"column":1},"end":{"line":17,"column":4}},"type":"if","locations":[{"start":{"line":14,"column":1},"end":{"line":17,"column":4}}]}},"s":{"0":0,"1":0,"2":0,"3":0,"4":0,"5":0,"6":0,"7":0,"8":0,"9":0,"10":0,"11":0,"12":0},"f":{"0":0,"1":0},"b":{"0":[0]}}
,"D:\\Projects\\Dev\\Node\\srm-manifest-generator\\src\\index.ts": {"path":"D:\\Projects\\Dev\\Node\\srm-manifest-generator\\src\\index.ts","statementMap":{"0":{"start":{"line":3,"column":0},"end":{"line":7,"column":1}},"1":{"start":{"line":4,"column":1},"end":{"line":4,"column":18}},"2":{"start":{"line":6,"column":1},"end":{"line":6,"column":43}}},"fnMap":{},"branchMap":{},"s":{"0":0,"1":0,"2":0},"f":{},"b":{}}
,"D:\\Projects\\Dev\\Node\\srm-manifest-generator\\src\\bin\\cli.ts": {"path":"D:\\Projects\\Dev\\Node\\srm-manifest-generator\\src\\bin\\cli.ts","statementMap":{"0":{"start":{"line":2,"column":0},"end":{"line":2,"column":28}}},"fnMap":{},"branchMap":{},"s":{"0":0},"f":{},"b":{}}
,"D:\\Projects\\Dev\\Node\\srm-manifest-generator\\src\\config\\config.ts": {"path":"D:\\Projects\\Dev\\Node\\srm-manifest-generator\\src\\config\\config.ts","statementMap":{"0":{"start":{"line":18,"column":39},"end":{"line":18,"column":59}},"1":{"start":{"line":19,"column":23},"end":{"line":19,"column":78}},"2":{"start":{"line":20,"column":22},"end":{"line":20,"column":128}},"3":{"start":{"line":23,"column":36},"end":{"line":23,"column":48}},"4":{"start":{"line":24,"column":20},"end":{"line":24,"column":61}},"5":{"start":{"line":25,"column":19},"end":{"line":25,"column":27}},"6":{"start":{"line":26,"column":27},"end":{"line":26,"column":57}},"7":{"start":{"line":30,"column":28},"end":{"line":33,"column":1}},"8":{"start":{"line":31,"column":19},"end":{"line":31,"column":62}},"9":{"start":{"line":32,"column":1},"end":{"line":32,"column":66}},"10":{"start":{"line":35,"column":28},"end":{"line":38,"column":1}},"11":{"start":{"line":36,"column":1},"end":{"line":36,"column":83}},"12":{"start":{"line":37,"column":1},"end":{"line":37,"column":23}},"13":{"start":{"line":40,"column":30},"end":{"line":43,"column":1}},"14":{"start":{"line":41,"column":1},"end":{"line":41,"column":29}},"15":{"start":{"line":42,"column":1},"end":{"line":42,"column":23}},"16":{"start":{"line":46,"column":1},"end":{"line":51,"column":2}},"17":{"start":{"line":47,"column":15},"end":{"line":47,"column":41}},"18":{"start":{"line":48,"column":2},"end":{"line":48,"column":14}},"19":{"start":{"line":50,"column":2},"end":{"line":50,"column":61}},"20":{"start":{"line":55,"column":24},"end":{"line":55,"column":40}},"21":{"start":{"line":57,"column":1},"end":{"line":69,"column":2}},"22":{"start":{"line":58,"column":23},"end":{"line":58,"column":58}},"23":{"start":{"line":61,"column":2},"end":{"line":66,"column":3}},"24":{"start":{"line":62,"column":3},"end":{"line":62,"column":37}},"25":{"start":{"line":63,"column":3},"end":{"line":63,"column":66}},"26":{"start":{"line":65,"column":3},"end":{"line":65,"column":93}},"27":{"start":{"line":68,"column":2},"end":{"line":68,"column":17}},"28":{"start":{"line":71,"column":18},"end":{"line":71,"column":52}},"29":{"start":{"line":72,"column":17},"end":{"line":72,"column":46}},"30":{"start":{"line":74,"column":1},"end":{"line":84,"column":2}},"31":{"start":{"line":75,"column":2},"end":{"line":81,"column":3}},"32":{"start":{"line":76,"column":3},"end":{"line":78,"column":5}},"33":{"start":{"line":79,"column":9},"end":{"line":81,"column":3}},"34":{"start":{"line":80,"column":3},"end":{"line":80,"column":98}},"35":{"start":{"line":83,"column":2},"end":{"line":83,"column":17}},"36":{"start":{"line":86,"column":1},"end":{"line":86,"column":35}},"37":{"start":{"line":88,"column":18},"end":{"line":88,"column":34}},"38":{"start":{"line":90,"column":1},"end":{"line":90,"column":61}},"39":{"start":{"line":91,"column":1},"end":{"line":91,"column":63}},"40":{"start":{"line":92,"column":1},"end":{"line":92,"column":60}},"41":{"start":{"line":93,"column":1},"end":{"line":93,"column":59}},"42":{"start":{"line":94,"column":1},"end":{"line":94,"column":67}},"43":{"start":{"line":96,"column":1},"end":{"line":96,"column":19}}},"fnMap":{"0":{"name":"(anonymous_0)","decl":{"start":{"line":30,"column":28},"end":{"line":30,"column":31}},"loc":{"start":{"line":30,"column":33},"end":{"line":33,"column":1}}},"1":{"name":"(anonymous_1)","decl":{"start":{"line":35,"column":28},"end":{"line":35,"column":29}},"loc":{"start":{"line":35,"column":44},"end":{"line":38,"column":1}}},"2":{"name":"(anonymous_2)","decl":{"start":{"line":40,"column":30},"end":{"line":40,"column":31}},"loc":{"start":{"line":40,"column":46},"end":{"line":43,"column":1}}},"3":{"name":"loadData","decl":{"start":{"line":45,"column":15},"end":{"line":45,"column":23}},"loc":{"start":{"line":45,"column":23},"end":{"line":52,"column":1}}},"4":{"name":"parseUserConfigData","decl":{"start":{"line":54,"column":15},"end":{"line":54,"column":34}},"loc":{"start":{"line":54,"column":34},"end":{"line":97,"column":1}}}},"branchMap":{"0":{"loc":{"start":{"line":57,"column":1},"end":{"line":69,"column":2}},"type":"if","locations":[{"start":{"line":57,"column":1},"end":{"line":69,"column":2}}]},"1":{"loc":{"start":{"line":74,"column":1},"end":{"line":84,"column":2}},"type":"if","locations":[{"start":{"line":74,"column":1},"end":{"line":84,"column":2}}]},"2":{"loc":{"start":{"line":74,"column":5},"end":{"line":74,"column":25}},"type":"binary-expr","locations":[{"start":{"line":74,"column":5},"end":{"line":74,"column":14}},{"start":{"line":74,"column":18},"end":{"line":74,"column":25}}]},"3":{"loc":{"start":{"line":75,"column":2},"end":{"line":81,"column":3}},"type":"if","locations":[{"start":{"line":75,"column":2},"end":{"line":81,"column":3}},{"start":{"line":79,"column":9},"end":{"line":81,"column":3}}]},"4":{"loc":{"start":{"line":79,"column":9},"end":{"line":81,"column":3}},"type":"if","locations":[{"start":{"line":79,"column":9},"end":{"line":81,"column":3}}]}},"s":{"0":0,"1":0,"2":0,"3":0,"4":0,"5":0,"6":0,"7":0,"8":0,"9":0,"10":0,"11":0,"12":0,"13":0,"14":0,"15":0,"16":0,"17":0,"18":0,"19":0,"20":0,"21":0,"22":0,"23":0,"24":0,"25":0,"26":0,"27":0,"28":0,"29":0,"30":0,"31":0,"32":0,"33":0,"34":0,"35":0,"36":0,"37":0,"38":0,"39":0,"40":0,"41":0,"42":0,"43":0},"f":{"0":0,"1":0,"2":0,"3":0,"4":0},"b":{"0":[0],"1":[0],"2":[0,0],"3":[0,0],"4":[0]}}
,"D:\\Projects\\Dev\\Node\\srm-manifest-generator\\src\\config\\load-data.ts": {"path":"D:\\Projects\\Dev\\Node\\srm-manifest-generator\\src\\config\\load-data.ts","statementMap":{"0":{"start":{"line":29,"column":1},"end":{"line":36,"column":2}},"1":{"start":{"line":30,"column":2},"end":{"line":30,"column":48}},"2":{"start":{"line":31,"column":2},"end":{"line":33,"column":4}},"3":{"start":{"line":38,"column":1},"end":{"line":102,"column":4}},"4":{"start":{"line":39,"column":2},"end":{"line":101,"column":24}},"5":{"start":{"line":41,"column":4},"end":{"line":46,"column":7}},"6":{"start":{"line":42,"column":5},"end":{"line":46,"column":7}},"7":{"start":{"line":48,"column":30},"end":{"line":48,"column":71}},"8":{"start":{"line":49,"column":22},"end":{"line":49,"column":60}},"9":{"start":{"line":51,"column":4},"end":{"line":51,"column":37}},"10":{"start":{"line":52,"column":4},"end":{"line":52,"column":34}},"11":{"start":{"line":54,"column":26},"end":{"line":54,"column":27}},"12":{"start":{"line":56,"column":27},"end":{"line":61,"column":5}},"13":{"start":{"line":57,"column":5},"end":{"line":57,"column":26}},"14":{"start":{"line":58,"column":5},"end":{"line":60,"column":6}},"15":{"start":{"line":59,"column":6},"end":{"line":59,"column":20}},"16":{"start":{"line":63,"column":4},"end":{"line":68,"column":7}},"17":{"start":{"line":64,"column":5},"end":{"line":66,"column":7}},"18":{"start":{"line":67,"column":5},"end":{"line":67,"column":22}},"19":{"start":{"line":69,"column":4},"end":{"line":72,"column":7}},"20":{"start":{"line":70,"column":5},"end":{"line":70,"column":93}},"21":{"start":{"line":71,"column":5},"end":{"line":71,"column":22}},"22":{"start":{"line":74,"column":20},"end":{"line":96,"column":5}},"23":{"start":{"line":75,"column":5},"end":{"line":84,"column":7}},"24":{"start":{"line":76,"column":6},"end":{"line":83,"column":8}},"25":{"start":{"line":77,"column":7},"end":{"line":82,"column":8}},"26":{"start":{"line":78,"column":8},"end":{"line":81,"column":10}},"27":{"start":{"line":85,"column":5},"end":{"line":94,"column":7}},"28":{"start":{"line":86,"column":6},"end":{"line":93,"column":8}},"29":{"start":{"line":87,"column":7},"end":{"line":92,"column":8}},"30":{"start":{"line":88,"column":8},"end":{"line":91,"column":10}},"31":{"start":{"line":95,"column":5},"end":{"line":95,"column":17}},"32":{"start":{"line":98,"column":4},"end":{"line":98,"column":43}},"33":{"start":{"line":99,"column":4},"end":{"line":99,"column":40}},"34":{"start":{"line":113,"column":1},"end":{"line":120,"column":2}},"35":{"start":{"line":114,"column":2},"end":{"line":114,"column":45}},"36":{"start":{"line":115,"column":2},"end":{"line":117,"column":4}},"37":{"start":{"line":122,"column":1},"end":{"line":128,"column":2}},"38":{"start":{"line":123,"column":28},"end":{"line":123,"column":83}},"39":{"start":{"line":124,"column":2},"end":{"line":124,"column":75}},"40":{"start":{"line":125,"column":2},"end":{"line":125,"column":76}},"41":{"start":{"line":127,"column":2},"end":{"line":127,"column":91}},"42":{"start":{"line":159,"column":28},"end":{"line":159,"column":61}},"43":{"start":{"line":160,"column":25},"end":{"line":160,"column":55}},"44":{"start":{"line":162,"column":1},"end":{"line":177,"column":2}},"45":{"start":{"line":163,"column":2},"end":{"line":163,"column":73}},"46":{"start":{"line":164,"column":2},"end":{"line":164,"column":66}},"47":{"start":{"line":168,"column":2},"end":{"line":174,"column":4}},"48":{"start":{"line":176,"column":2},"end":{"line":176,"column":32}},"49":{"start":{"line":179,"column":1},"end":{"line":207,"column":2}},"50":{"start":{"line":181,"column":2},"end":{"line":181,"column":67}},"51":{"start":{"line":183,"column":2},"end":{"line":183,"column":77}},"52":{"start":{"line":186,"column":2},"end":{"line":203,"column":3}},"53":{"start":{"line":188,"column":3},"end":{"line":188,"column":74}},"54":{"start":{"line":189,"column":3},"end":{"line":191,"column":5}},"55":{"start":{"line":192,"column":3},"end":{"line":192,"column":94}},"56":{"start":{"line":193,"column":3},"end":{"line":193,"column":45}},"57":{"start":{"line":196,"column":3},"end":{"line":198,"column":5}},"58":{"start":{"line":199,"column":3},"end":{"line":201,"column":5}},"59":{"start":{"line":202,"column":3},"end":{"line":202,"column":33}},"60":{"start":{"line":205,"column":2},"end":{"line":205,"column":55}},"61":{"start":{"line":205,"column":24},"end":{"line":205,"column":55}},"62":{"start":{"line":206,"column":2},"end":{"line":206,"column":61}},"63":{"start":{"line":206,"column":27},"end":{"line":206,"column":61}},"64":{"start":{"line":209,"column":22},"end":{"line":209,"column":74}},"65":{"start":{"line":210,"column":28},"end":{"line":210,"column":66}},"66":{"start":{"line":212,"column":1},"end":{"line":212,"column":19}}},"fnMap":{"0":{"name":"downloadExampleConfig","decl":{"start":{"line":28,"column":15},"end":{"line":28,"column":36}},"loc":{"start":{"line":28,"column":36},"end":{"line":103,"column":1}}},"1":{"name":"(anonymous_1)","decl":{"start":{"line":38,"column":20},"end":{"line":38,"column":21}},"loc":{"start":{"line":38,"column":40},"end":{"line":102,"column":2}}},"2":{"name":"(anonymous_2)","decl":{"start":{"line":40,"column":28},"end":{"line":40,"column":36}},"loc":{"start":{"line":40,"column":39},"end":{"line":100,"column":4}}},"3":{"name":"(anonymous_3)","decl":{"start":{"line":56,"column":27},"end":{"line":56,"column":30}},"loc":{"start":{"line":56,"column":32},"end":{"line":61,"column":5}}},"4":{"name":"(anonymous_4)","decl":{"start":{"line":63,"column":35},"end":{"line":63,"column":38}},"loc":{"start":{"line":63,"column":40},"end":{"line":68,"column":5}}},"5":{"name":"(anonymous_5)","decl":{"start":{"line":69,"column":32},"end":{"line":69,"column":35}},"loc":{"start":{"line":69,"column":37},"end":{"line":72,"column":5}}},"6":{"name":"(anonymous_6)","decl":{"start":{"line":74,"column":20},"end":{"line":74,"column":21}},"loc":{"start":{"line":74,"column":35},"end":{"line":96,"column":5}}},"7":{"name":"(anonymous_7)","decl":{"start":{"line":75,"column":29},"end":{"line":75,"column":32}},"loc":{"start":{"line":76,"column":6},"end":{"line":83,"column":8}}},"8":{"name":"(anonymous_8)","decl":{"start":{"line":76,"column":37},"end":{"line":76,"column":40}},"loc":{"start":{"line":76,"column":43},"end":{"line":83,"column":7}}},"9":{"name":"(anonymous_9)","decl":{"start":{"line":85,"column":26},"end":{"line":85,"column":29}},"loc":{"start":{"line":86,"column":6},"end":{"line":93,"column":8}}},"10":{"name":"(anonymous_10)","decl":{"start":{"line":86,"column":34},"end":{"line":86,"column":37}},"loc":{"start":{"line":86,"column":40},"end":{"line":93,"column":7}}},"11":{"name":"copyExampleConfigToUserConfigPath","decl":{"start":{"line":112,"column":15},"end":{"line":112,"column":48}},"loc":{"start":{"line":112,"column":48},"end":{"line":129,"column":1}}},"12":{"name":"loadUserConfigData","decl":{"start":{"line":155,"column":15},"end":{"line":155,"column":33}},"loc":{"start":{"line":155,"column":33},"end":{"line":213,"column":1}}}},"branchMap":{"0":{"loc":{"start":{"line":41,"column":4},"end":{"line":46,"column":7}},"type":"if","locations":[{"start":{"line":41,"column":4},"end":{"line":46,"column":7}}]},"1":{"loc":{"start":{"line":58,"column":5},"end":{"line":60,"column":6}},"type":"if","locations":[{"start":{"line":58,"column":5},"end":{"line":60,"column":6}}]},"2":{"loc":{"start":{"line":77,"column":7},"end":{"line":82,"column":8}},"type":"if","locations":[{"start":{"line":77,"column":7},"end":{"line":82,"column":8}}]},"3":{"loc":{"start":{"line":87,"column":7},"end":{"line":92,"column":8}},"type":"if","locations":[{"start":{"line":87,"column":7},"end":{"line":92,"column":8}}]},"4":{"loc":{"start":{"line":205,"column":2},"end":{"line":205,"column":55}},"type":"if","locations":[{"start":{"line":205,"column":2},"end":{"line":205,"column":55}}]},"5":{"loc":{"start":{"line":206,"column":2},"end":{"line":206,"column":61}},"type":"if","locations":[{"start":{"line":206,"column":2},"end":{"line":206,"column":61}}]}},"s":{"0":0,"1":0,"2":0,"3":0,"4":0,"5":0,"6":0,"7":0,"8":0,"9":0,"10":0,"11":0,"12":0,"13":0,"14":0,"15":0,"16":0,"17":0,"18":0,"19":0,"20":0,"21":0,"22":0,"23":0,"24":0,"25":0,"26":0,"27":0,"28":0,"29":0,"30":0,"31":0,"32":0,"33":0,"34":0,"35":0,"36":0,"37":0,"38":0,"39":0,"40":0,"41":0,"42":0,"43":0,"44":0,"45":0,"46":0,"47":0,"48":0,"49":0,"50":0,"51":0,"52":0,"53":0,"54":0,"55":0,"56":0,"57":0,"58":0,"59":0,"60":0,"61":0,"62":0,"63":0,"64":0,"65":0,"66":0},"f":{"0":0,"1":0,"2":0,"3":0,"4":0,"5":0,"6":0,"7":0,"8":0,"9":0,"10":0,"11":0,"12":0},"b":{"0":[0],"1":[0],"2":[0],"3":[0],"4":[0],"5":[0]}}
,"D:\\Projects\\Dev\\Node\\srm-manifest-generator\\src\\config\\parse\\manifests.ts": {"path":"D:\\Projects\\Dev\\Node\\srm-manifest-generator\\src\\config\\parse\\manifests.ts","statementMap":{"0":{"start":{"line":29,"column":1},"end":{"line":29,"column":60}},"1":{"start":{"line":31,"column":33},"end":{"line":31,"column":35}},"2":{"start":{"line":33,"column":1},"end":{"line":38,"column":2}},"3":{"start":{"line":34,"column":2},"end":{"line":36,"column":4}},"4":{"start":{"line":37,"column":2},"end":{"line":37,"column":21}},"5":{"start":{"line":40,"column":1},"end":{"line":63,"column":2}},"6":{"start":{"line":41,"column":13},"end":{"line":41,"column":22}},"7":{"start":{"line":42,"column":18},"end":{"line":42,"column":39}},"8":{"start":{"line":43,"column":2},"end":{"line":43,"column":72}},"9":{"start":{"line":45,"column":17},"end":{"line":45,"column":58}},"10":{"start":{"line":46,"column":19},"end":{"line":46,"column":87}},"11":{"start":{"line":48,"column":2},"end":{"line":48,"column":58}},"12":{"start":{"line":49,"column":2},"end":{"line":49,"column":82}},"13":{"start":{"line":51,"column":2},"end":{"line":54,"column":3}},"14":{"start":{"line":52,"column":3},"end":{"line":52,"column":51}},"15":{"start":{"line":53,"column":3},"end":{"line":53,"column":12}},"16":{"start":{"line":56,"column":17},"end":{"line":56,"column":48}},"17":{"start":{"line":57,"column":15},"end":{"line":57,"column":71}},"18":{"start":{"line":58,"column":19},"end":{"line":58,"column":46}},"19":{"start":{"line":60,"column":2},"end":{"line":60,"column":29}},"20":{"start":{"line":62,"column":2},"end":{"line":62,"column":102}},"21":{"start":{"line":65,"column":1},"end":{"line":65,"column":44}},"22":{"start":{"line":67,"column":1},"end":{"line":67,"column":20}},"23":{"start":{"line":71,"column":14},"end":{"line":71,"column":34}},"24":{"start":{"line":72,"column":13},"end":{"line":72,"column":31}},"25":{"start":{"line":73,"column":15},"end":{"line":73,"column":31}},"26":{"start":{"line":77,"column":1},"end":{"line":82,"column":2}},"27":{"start":{"line":78,"column":18},"end":{"line":78,"column":48}},"28":{"start":{"line":79,"column":2},"end":{"line":79,"column":97}},"29":{"start":{"line":81,"column":2},"end":{"line":81,"column":9}},"30":{"start":{"line":84,"column":14},"end":{"line":84,"column":16}},"31":{"start":{"line":85,"column":9},"end":{"line":85,"column":11}},"32":{"start":{"line":86,"column":12},"end":{"line":86,"column":14}},"33":{"start":{"line":87,"column":1},"end":{"line":102,"column":2}},"34":{"start":{"line":88,"column":2},"end":{"line":95,"column":3}},"35":{"start":{"line":89,"column":3},"end":{"line":89,"column":21}},"36":{"start":{"line":90,"column":3},"end":{"line":90,"column":54}},"37":{"start":{"line":91,"column":3},"end":{"line":91,"column":36}},"38":{"start":{"line":92,"column":9},"end":{"line":95,"column":3}},"39":{"start":{"line":93,"column":3},"end":{"line":93,"column":22}},"40":{"start":{"line":94,"column":3},"end":{"line":94,"column":62}},"41":{"start":{"line":96,"column":8},"end":{"line":102,"column":2}},"42":{"start":{"line":97,"column":2},"end":{"line":97,"column":19}},"43":{"start":{"line":98,"column":2},"end":{"line":98,"column":66}},"44":{"start":{"line":99,"column":2},"end":{"line":99,"column":36}},"45":{"start":{"line":101,"column":2},"end":{"line":101,"column":44}},"46":{"start":{"line":104,"column":1},"end":{"line":104,"column":40}},"47":{"start":{"line":108,"column":17},"end":{"line":108,"column":34}},"48":{"start":{"line":110,"column":1},"end":{"line":116,"column":2}},"49":{"start":{"line":111,"column":2},"end":{"line":113,"column":5}},"50":{"start":{"line":112,"column":3},"end":{"line":112,"column":16}},"51":{"start":{"line":115,"column":2},"end":{"line":115,"column":87}},"52":{"start":{"line":118,"column":1},"end":{"line":118,"column":13}},"53":{"start":{"line":125,"column":17},"end":{"line":125,"column":39}},"54":{"start":{"line":127,"column":1},"end":{"line":153,"column":2}},"55":{"start":{"line":128,"column":16},"end":{"line":128,"column":39}},"56":{"start":{"line":130,"column":2},"end":{"line":133,"column":5}},"57":{"start":{"line":131,"column":3},"end":{"line":133,"column":5}},"58":{"start":{"line":135,"column":47},"end":{"line":135,"column":60}},"59":{"start":{"line":137,"column":2},"end":{"line":150,"column":3}},"60":{"start":{"line":138,"column":3},"end":{"line":138,"column":15}},"61":{"start":{"line":139,"column":9},"end":{"line":150,"column":3}},"62":{"start":{"line":140,"column":3},"end":{"line":145,"column":4}},"63":{"start":{"line":141,"column":4},"end":{"line":143,"column":6}},"64":{"start":{"line":144,"column":4},"end":{"line":144,"column":17}},"65":{"start":{"line":147,"column":3},"end":{"line":147,"column":15}},"66":{"start":{"line":149,"column":3},"end":{"line":149,"column":90}},"67":{"start":{"line":152,"column":2},"end":{"line":152,"column":70}},"68":{"start":{"line":155,"column":1},"end":{"line":155,"column":13}},"69":{"start":{"line":159,"column":17},"end":{"line":159,"column":38}},"70":{"start":{"line":161,"column":1},"end":{"line":163,"column":2}},"71":{"start":{"line":162,"column":2},"end":{"line":162,"column":58}},"72":{"start":{"line":164,"column":1},"end":{"line":166,"column":2}},"73":{"start":{"line":165,"column":2},"end":{"line":165,"column":62}},"74":{"start":{"line":168,"column":1},"end":{"line":174,"column":2}},"75":{"start":{"line":169,"column":19},"end":{"line":169,"column":54}},"76":{"start":{"line":170,"column":17},"end":{"line":170,"column":53}},"77":{"start":{"line":171,"column":2},"end":{"line":171,"column":16}},"78":{"start":{"line":173,"column":2},"end":{"line":173,"column":72}},"79":{"start":{"line":178,"column":38},"end":{"line":199,"column":3}},"80":{"start":{"line":200,"column":28},"end":{"line":205,"column":3}},"81":{"start":{"line":207,"column":1},"end":{"line":210,"column":2}},"82":{"start":{"line":209,"column":2},"end":{"line":209,"column":52}},"83":{"start":{"line":212,"column":18},"end":{"line":212,"column":48}},"84":{"start":{"line":214,"column":1},"end":{"line":216,"column":2}},"85":{"start":{"line":215,"column":2},"end":{"line":215,"column":74}},"86":{"start":{"line":218,"column":1},"end":{"line":218,"column":89}},"87":{"start":{"line":220,"column":20},"end":{"line":220,"column":25}},"88":{"start":{"line":222,"column":1},"end":{"line":289,"column":2}},"89":{"start":{"line":223,"column":19},"end":{"line":223,"column":61}},"90":{"start":{"line":224,"column":40},"end":{"line":224,"column":48}},"91":{"start":{"line":226,"column":2},"end":{"line":288,"column":3}},"92":{"start":{"line":228,"column":4},"end":{"line":232,"column":5}},"93":{"start":{"line":230,"column":5},"end":{"line":230,"column":61}},"94":{"start":{"line":231,"column":5},"end":{"line":231,"column":11}},"95":{"start":{"line":236,"column":4},"end":{"line":236,"column":28}},"96":{"start":{"line":237,"column":4},"end":{"line":237,"column":43}},"97":{"start":{"line":238,"column":4},"end":{"line":238,"column":10}},"98":{"start":{"line":241,"column":4},"end":{"line":246,"column":5}},"99":{"start":{"line":244,"column":5},"end":{"line":244,"column":61}},"100":{"start":{"line":245,"column":5},"end":{"line":245,"column":11}},"101":{"start":{"line":250,"column":4},"end":{"line":250,"column":31}},"102":{"start":{"line":251,"column":4},"end":{"line":251,"column":43}},"103":{"start":{"line":252,"column":4},"end":{"line":252,"column":10}},"104":{"start":{"line":255,"column":4},"end":{"line":260,"column":5}},"105":{"start":{"line":258,"column":5},"end":{"line":258,"column":61}},"106":{"start":{"line":259,"column":5},"end":{"line":259,"column":11}},"107":{"start":{"line":264,"column":4},"end":{"line":264,"column":28}},"108":{"start":{"line":265,"column":4},"end":{"line":265,"column":43}},"109":{"start":{"line":266,"column":4},"end":{"line":266,"column":10}},"110":{"start":{"line":269,"column":4},"end":{"line":278,"column":5}},"111":{"start":{"line":272,"column":28},"end":{"line":272,"column":55}},"112":{"start":{"line":274,"column":5},"end":{"line":274,"column":25}},"113":{"start":{"line":275,"column":5},"end":{"line":275,"column":28}},"114":{"start":{"line":276,"column":5},"end":{"line":276,"column":44}},"115":{"start":{"line":277,"column":5},"end":{"line":277,"column":11}},"116":{"start":{"line":280,"column":4},"end":{"line":280,"column":79}},"117":{"start":{"line":281,"column":4},"end":{"line":281,"column":10}},"118":{"start":{"line":284,"column":4},"end":{"line":286,"column":5}},"119":{"start":{"line":285,"column":5},"end":{"line":285,"column":68}},"120":{"start":{"line":291,"column":17},"end":{"line":291,"column":39}},"121":{"start":{"line":292,"column":23},"end":{"line":292,"column":52}},"122":{"start":{"line":293,"column":26},"end":{"line":293,"column":58}},"123":{"start":{"line":294,"column":23},"end":{"line":294,"column":52}},"124":{"start":{"line":297,"column":1},"end":{"line":297,"column":83}},"125":{"start":{"line":298,"column":1},"end":{"line":298,"column":77}},"126":{"start":{"line":299,"column":1},"end":{"line":299,"column":77}},"127":{"start":{"line":300,"column":1},"end":{"line":300,"column":75}},"128":{"start":{"line":303,"column":1},"end":{"line":304,"column":94}},"129":{"start":{"line":304,"column":2},"end":{"line":304,"column":94}},"130":{"start":{"line":307,"column":1},"end":{"line":307,"column":101}},"131":{"start":{"line":307,"column":24},"end":{"line":307,"column":101}},"132":{"start":{"line":308,"column":1},"end":{"line":308,"column":101}},"133":{"start":{"line":308,"column":21},"end":{"line":308,"column":101}},"134":{"start":{"line":310,"column":1},"end":{"line":313,"column":2}},"135":{"start":{"line":311,"column":16},"end":{"line":311,"column":30}},"136":{"start":{"line":312,"column":2},"end":{"line":312,"column":62}},"137":{"start":{"line":315,"column":1},"end":{"line":315,"column":13}}},"fnMap":{"0":{"name":"makeManifests","decl":{"start":{"line":28,"column":15},"end":{"line":28,"column":28}},"loc":{"start":{"line":28,"column":67},"end":{"line":68,"column":1}}},"1":{"name":"clogLoadedManifests","decl":{"start":{"line":70,"column":9},"end":{"line":70,"column":28}},"loc":{"start":{"line":70,"column":77},"end":{"line":105,"column":1}}},"2":{"name":"validateManifestPathExists","decl":{"start":{"line":107,"column":15},"end":{"line":107,"column":41}},"loc":{"start":{"line":107,"column":58},"end":{"line":119,"column":1}}},"3":{"name":"(anonymous_3)","decl":{"start":{"line":111,"column":34},"end":{"line":111,"column":37}},"loc":{"start":{"line":111,"column":39},"end":{"line":113,"column":3}}},"4":{"name":"validateManifestPathIsSupportedFilesystemType","decl":{"start":{"line":121,"column":15},"end":{"line":121,"column":60}},"loc":{"start":{"line":123,"column":19},"end":{"line":156,"column":1}}},"5":{"name":"readManifestFile","decl":{"start":{"line":158,"column":15},"end":{"line":158,"column":31}},"loc":{"start":{"line":158,"column":47},"end":{"line":175,"column":1}}},"6":{"name":"parseManifestFileContentsToData","decl":{"start":{"line":177,"column":9},"end":{"line":177,"column":40}},"loc":{"start":{"line":177,"column":90},"end":{"line":316,"column":1}}},"7":{"name":"(anonymous_7)","decl":{"start":{"line":272,"column":17},"end":{"line":272,"column":24}},"loc":{"start":{"line":272,"column":28},"end":{"line":272,"column":55}}}},"branchMap":{"0":{"loc":{"start":{"line":33,"column":1},"end":{"line":38,"column":2}},"type":"if","locations":[{"start":{"line":33,"column":1},"end":{"line":38,"column":2}}]},"1":{"loc":{"start":{"line":51,"column":2},"end":{"line":54,"column":3}},"type":"if","locations":[{"start":{"line":51,"column":2},"end":{"line":54,"column":3}}]},"2":{"loc":{"start":{"line":77,"column":1},"end":{"line":82,"column":2}},"type":"if","locations":[{"start":{"line":77,"column":1},"end":{"line":82,"column":2}}]},"3":{"loc":{"start":{"line":78,"column":18},"end":{"line":78,"column":48}},"type":"cond-expr","locations":[{"start":{"line":78,"column":29},"end":{"line":78,"column":43}},{"start":{"line":78,"column":46},"end":{"line":78,"column":48}}]},"4":{"loc":{"start":{"line":87,"column":1},"end":{"line":102,"column":2}},"type":"if","locations":[{"start":{"line":87,"column":1},"end":{"line":102,"column":2}},{"start":{"line":96,"column":8},"end":{"line":102,"column":2}}]},"5":{"loc":{"start":{"line":88,"column":2},"end":{"line":95,"column":3}},"type":"if","locations":[{"start":{"line":88,"column":2},"end":{"line":95,"column":3}},{"start":{"line":92,"column":9},"end":{"line":95,"column":3}}]},"6":{"loc":{"start":{"line":92,"column":9},"end":{"line":95,"column":3}},"type":"if","locations":[{"start":{"line":92,"column":9},"end":{"line":95,"column":3}}]},"7":{"loc":{"start":{"line":96,"column":8},"end":{"line":102,"column":2}},"type":"if","locations":[{"start":{"line":96,"column":8},"end":{"line":102,"column":2}},{"start":{"line":100,"column":8},"end":{"line":102,"column":2}}]},"8":{"loc":{"start":{"line":130,"column":2},"end":{"line":133,"column":5}},"type":"if","locations":[{"start":{"line":130,"column":2},"end":{"line":133,"column":5}}]},"9":{"loc":{"start":{"line":130,"column":6},"end":{"line":130,"column":45}},"type":"binary-expr","locations":[{"start":{"line":130,"column":6},"end":{"line":130,"column":21}},{"start":{"line":130,"column":25},"end":{"line":130,"column":45}}]},"10":{"loc":{"start":{"line":137,"column":2},"end":{"line":150,"column":3}},"type":"if","locations":[{"start":{"line":137,"column":2},"end":{"line":150,"column":3}},{"start":{"line":139,"column":9},"end":{"line":150,"column":3}}]},"11":{"loc":{"start":{"line":139,"column":9},"end":{"line":150,"column":3}},"type":"if","locations":[{"start":{"line":139,"column":9},"end":{"line":150,"column":3}},{"start":{"line":148,"column":9},"end":{"line":150,"column":3}}]},"12":{"loc":{"start":{"line":140,"column":3},"end":{"line":145,"column":4}},"type":"if","locations":[{"start":{"line":140,"column":3},"end":{"line":145,"column":4}}]},"13":{"loc":{"start":{"line":161,"column":1},"end":{"line":163,"column":2}},"type":"if","locations":[{"start":{"line":161,"column":1},"end":{"line":163,"column":2}}]},"14":{"loc":{"start":{"line":164,"column":1},"end":{"line":166,"column":2}},"type":"if","locations":[{"start":{"line":164,"column":1},"end":{"line":166,"column":2}}]},"15":{"loc":{"start":{"line":207,"column":1},"end":{"line":210,"column":2}},"type":"if","locations":[{"start":{"line":207,"column":1},"end":{"line":210,"column":2}}]},"16":{"loc":{"start":{"line":214,"column":1},"end":{"line":216,"column":2}},"type":"if","locations":[{"start":{"line":214,"column":1},"end":{"line":216,"column":2}}]},"17":{"loc":{"start":{"line":214,"column":5},"end":{"line":214,"column":81}},"type":"binary-expr","locations":[{"start":{"line":214,"column":5},"end":{"line":214,"column":33}},{"start":{"line":214,"column":37},"end":{"line":214,"column":60}},{"start":{"line":214,"column":64},"end":{"line":214,"column":81}}]},"18":{"loc":{"start":{"line":226,"column":2},"end":{"line":288,"column":3}},"type":"switch","locations":[{"start":{"line":227,"column":3},"end":{"line":239,"column":4}},{"start":{"line":240,"column":3},"end":{"line":253,"column":4}},{"start":{"line":254,"column":3},"end":{"line":267,"column":4}},{"start":{"line":268,"column":3},"end":{"line":282,"column":4}},{"start":{"line":283,"column":3},"end":{"line":287,"column":4}}]},"19":{"loc":{"start":{"line":228,"column":4},"end":{"line":232,"column":5}},"type":"if","locations":[{"start":{"line":228,"column":4},"end":{"line":232,"column":5}}]},"20":{"loc":{"start":{"line":241,"column":4},"end":{"line":246,"column":5}},"type":"if","locations":[{"start":{"line":241,"column":4},"end":{"line":246,"column":5}}]},"21":{"loc":{"start":{"line":255,"column":4},"end":{"line":260,"column":5}},"type":"if","locations":[{"start":{"line":255,"column":4},"end":{"line":260,"column":5}}]},"22":{"loc":{"start":{"line":269,"column":4},"end":{"line":278,"column":5}},"type":"if","locations":[{"start":{"line":269,"column":4},"end":{"line":278,"column":5}}]},"23":{"loc":{"start":{"line":270,"column":5},"end":{"line":272,"column":56}},"type":"binary-expr","locations":[{"start":{"line":270,"column":5},"end":{"line":270,"column":30}},{"start":{"line":271,"column":5},"end":{"line":271,"column":25}},{"start":{"line":272,"column":5},"end":{"line":272,"column":56}}]},"24":{"loc":{"start":{"line":284,"column":4},"end":{"line":286,"column":5}},"type":"if","locations":[{"start":{"line":284,"column":4},"end":{"line":286,"column":5}}]},"25":{"loc":{"start":{"line":303,"column":1},"end":{"line":304,"column":94}},"type":"if","locations":[{"start":{"line":303,"column":1},"end":{"line":304,"column":94}}]},"26":{"loc":{"start":{"line":307,"column":1},"end":{"line":307,"column":101}},"type":"if","locations":[{"start":{"line":307,"column":1},"end":{"line":307,"column":101}}]},"27":{"loc":{"start":{"line":308,"column":1},"end":{"line":308,"column":101}},"type":"if","locations":[{"start":{"line":308,"column":1},"end":{"line":308,"column":101}}]},"28":{"loc":{"start":{"line":310,"column":1},"end":{"line":313,"column":2}},"type":"if","locations":[{"start":{"line":310,"column":1},"end":{"line":313,"column":2}}]}},"s":{"0":0,"1":0,"2":0,"3":0,"4":0,"5":0,"6":0,"7":0,"8":0,"9":0,"10":0,"11":0,"12":0,"13":0,"14":0,"15":0,"16":0,"17":0,"18":0,"19":0,"20":0,"21":0,"22":0,"23":0,"24":0,"25":0,"26":0,"27":0,"28":0,"29":0,"30":0,"31":0,"32":0,"33":0,"34":0,"35":0,"36":0,"37":0,"38":0,"39":0,"40":0,"41":0,"42":0,"43":0,"44":0,"45":0,"46":0,"47":0,"48":0,"49":0,"50":0,"51":0,"52":0,"53":0,"54":0,"55":0,"56":0,"57":0,"58":0,"59":0,"60":0,"61":0,"62":0,"63":0,"64":0,"65":0,"66":0,"67":0,"68":0,"69":0,"70":0,"71":0,"72":0,"73":0,"74":0,"75":0,"76":0,"77":0,"78":0,"79":0,"80":0,"81":0,"82":0,"83":0,"84":0,"85":0,"86":0,"87":0,"88":0,"89":0,"90":0,"91":0,"92":0,"93":0,"94":0,"95":0,"96":0,"97":0,"98":0,"99":0,"100":0,"101":0,"102":0,"103":0,"104":0,"105":0,"106":0,"107":0,"108":0,"109":0,"110":0,"111":0,"112":0,"113":0,"114":0,"115":0,"116":0,"117":0,"118":0,"119":0,"120":0,"121":0,"122":0,"123":0,"124":0,"125":0,"126":0,"127":0,"128":0,"129":0,"130":0,"131":0,"132":0,"133":0,"134":0,"135":0,"136":0,"137":0},"f":{"0":0,"1":0,"2":0,"3":0,"4":0,"5":0,"6":0,"7":0},"b":{"0":[0],"1":[0],"2":[0],"3":[0,0],"4":[0,0],"5":[0,0],"6":[0],"7":[0,0],"8":[0],"9":[0,0],"10":[0,0],"11":[0,0],"12":[0],"13":[0],"14":[0],"15":[0],"16":[0],"17":[0,0,0],"18":[0,0,0,0,0],"19":[0],"20":[0],"21":[0],"22":[0],"23":[0,0,0],"24":[0],"25":[0],"26":[0],"27":[0],"28":[0]}}
,"D:\\Projects\\Dev\\Node\\srm-manifest-generator\\src\\config\\parse\\shortcuts.ts": {"path":"D:\\Projects\\Dev\\Node\\srm-manifest-generator\\src\\config\\parse\\shortcuts.ts","statementMap":{"0":{"start":{"line":22,"column":1},"end":{"line":22,"column":92}},"1":{"start":{"line":24,"column":1},"end":{"line":27,"column":2}},"2":{"start":{"line":25,"column":2},"end":{"line":25,"column":92}},"3":{"start":{"line":26,"column":2},"end":{"line":26,"column":12}},"4":{"start":{"line":29,"column":24},"end":{"line":29,"column":26}},"5":{"start":{"line":31,"column":1},"end":{"line":35,"column":2}},"6":{"start":{"line":32,"column":19},"end":{"line":32,"column":47}},"7":{"start":{"line":33,"column":2},"end":{"line":33,"column":65}},"8":{"start":{"line":34,"column":2},"end":{"line":34,"column":20}},"9":{"start":{"line":37,"column":1},"end":{"line":37,"column":11}},"10":{"start":{"line":41,"column":38},"end":{"line":53,"column":3}},"11":{"start":{"line":55,"column":28},"end":{"line":59,"column":3}},"12":{"start":{"line":61,"column":1},"end":{"line":64,"column":2}},"13":{"start":{"line":63,"column":2},"end":{"line":63,"column":42}},"14":{"start":{"line":66,"column":18},"end":{"line":66,"column":48}},"15":{"start":{"line":68,"column":1},"end":{"line":70,"column":2}},"16":{"start":{"line":69,"column":2},"end":{"line":69,"column":74}},"17":{"start":{"line":72,"column":1},"end":{"line":127,"column":2}},"18":{"start":{"line":73,"column":19},"end":{"line":73,"column":61}},"19":{"start":{"line":74,"column":40},"end":{"line":74,"column":48}},"20":{"start":{"line":76,"column":2},"end":{"line":126,"column":3}},"21":{"start":{"line":78,"column":4},"end":{"line":81,"column":5}},"22":{"start":{"line":79,"column":5},"end":{"line":79,"column":61}},"23":{"start":{"line":80,"column":5},"end":{"line":80,"column":11}},"24":{"start":{"line":85,"column":4},"end":{"line":85,"column":23}},"25":{"start":{"line":86,"column":4},"end":{"line":86,"column":43}},"26":{"start":{"line":87,"column":4},"end":{"line":87,"column":10}},"27":{"start":{"line":90,"column":4},"end":{"line":93,"column":5}},"28":{"start":{"line":91,"column":5},"end":{"line":91,"column":61}},"29":{"start":{"line":92,"column":5},"end":{"line":92,"column":11}},"30":{"start":{"line":97,"column":4},"end":{"line":97,"column":24}},"31":{"start":{"line":98,"column":4},"end":{"line":98,"column":43}},"32":{"start":{"line":99,"column":4},"end":{"line":99,"column":10}},"33":{"start":{"line":102,"column":4},"end":{"line":105,"column":5}},"34":{"start":{"line":103,"column":5},"end":{"line":103,"column":62}},"35":{"start":{"line":104,"column":5},"end":{"line":104,"column":11}},"36":{"start":{"line":107,"column":4},"end":{"line":107,"column":25}},"37":{"start":{"line":108,"column":4},"end":{"line":108,"column":43}},"38":{"start":{"line":109,"column":4},"end":{"line":109,"column":10}},"39":{"start":{"line":112,"column":4},"end":{"line":115,"column":5}},"40":{"start":{"line":113,"column":5},"end":{"line":113,"column":62}},"41":{"start":{"line":114,"column":5},"end":{"line":114,"column":11}},"42":{"start":{"line":117,"column":4},"end":{"line":117,"column":26}},"43":{"start":{"line":118,"column":4},"end":{"line":118,"column":44}},"44":{"start":{"line":119,"column":4},"end":{"line":119,"column":10}},"45":{"start":{"line":122,"column":4},"end":{"line":124,"column":5}},"46":{"start":{"line":123,"column":5},"end":{"line":123,"column":68}},"47":{"start":{"line":131,"column":1},"end":{"line":131,"column":35}}},"fnMap":{"0":{"name":"loadManifestShortcuts","decl":{"start":{"line":21,"column":9},"end":{"line":21,"column":30}},"loc":{"start":{"line":21,"column":92},"end":{"line":38,"column":1}}},"1":{"name":"makeShortcut","decl":{"start":{"line":40,"column":9},"end":{"line":40,"column":21}},"loc":{"start":{"line":40,"column":53},"end":{"line":132,"column":1}}}},"branchMap":{"0":{"loc":{"start":{"line":24,"column":1},"end":{"line":27,"column":2}},"type":"if","locations":[{"start":{"line":24,"column":1},"end":{"line":27,"column":2}}]},"1":{"loc":{"start":{"line":61,"column":1},"end":{"line":64,"column":2}},"type":"if","locations":[{"start":{"line":61,"column":1},"end":{"line":64,"column":2}}]},"2":{"loc":{"start":{"line":68,"column":1},"end":{"line":70,"column":2}},"type":"if","locations":[{"start":{"line":68,"column":1},"end":{"line":70,"column":2}}]},"3":{"loc":{"start":{"line":68,"column":5},"end":{"line":68,"column":81}},"type":"binary-expr","locations":[{"start":{"line":68,"column":5},"end":{"line":68,"column":33}},{"start":{"line":68,"column":37},"end":{"line":68,"column":60}},{"start":{"line":68,"column":64},"end":{"line":68,"column":81}}]},"4":{"loc":{"start":{"line":76,"column":2},"end":{"line":126,"column":3}},"type":"switch","locations":[{"start":{"line":77,"column":3},"end":{"line":88,"column":4}},{"start":{"line":89,"column":3},"end":{"line":100,"column":4}},{"start":{"line":101,"column":3},"end":{"line":110,"column":4}},{"start":{"line":111,"column":3},"end":{"line":120,"column":4}},{"start":{"line":121,"column":3},"end":{"line":125,"column":4}}]},"5":{"loc":{"start":{"line":78,"column":4},"end":{"line":81,"column":5}},"type":"if","locations":[{"start":{"line":78,"column":4},"end":{"line":81,"column":5}}]},"6":{"loc":{"start":{"line":90,"column":4},"end":{"line":93,"column":5}},"type":"if","locations":[{"start":{"line":90,"column":4},"end":{"line":93,"column":5}}]},"7":{"loc":{"start":{"line":102,"column":4},"end":{"line":105,"column":5}},"type":"if","locations":[{"start":{"line":102,"column":4},"end":{"line":105,"column":5}}]},"8":{"loc":{"start":{"line":112,"column":4},"end":{"line":115,"column":5}},"type":"if","locations":[{"start":{"line":112,"column":4},"end":{"line":115,"column":5}}]},"9":{"loc":{"start":{"line":122,"column":4},"end":{"line":124,"column":5}},"type":"if","locations":[{"start":{"line":122,"column":4},"end":{"line":124,"column":5}}]}},"s":{"0":0,"1":0,"2":0,"3":0,"4":0,"5":0,"6":0,"7":0,"8":0,"9":0,"10":0,"11":0,"12":0,"13":0,"14":0,"15":0,"16":0,"17":0,"18":0,"19":0,"20":0,"21":0,"22":0,"23":0,"24":0,"25":0,"26":0,"27":0,"28":0,"29":0,"30":0,"31":0,"32":0,"33":0,"34":0,"35":0,"36":0,"37":0,"38":0,"39":0,"40":0,"41":0,"42":0,"43":0,"44":0,"45":0,"46":0,"47":0},"f":{"0":0,"1":0},"b":{"0":[0],"1":[0],"2":[0],"3":[0,0,0],"4":[0,0,0,0,0],"5":[0],"6":[0],"7":[0],"8":[0],"9":[0]}}
,"D:\\Projects\\Dev\\Node\\srm-manifest-generator\\src\\config\\parse\\section\\section-logs.ts": {"path":"D:\\Projects\\Dev\\Node\\srm-manifest-generator\\src\\config\\parse\\section\\section-logs.ts","statementMap":{"0":{"start":{"line":15,"column":19},"end":{"line":15,"column":25}},"1":{"start":{"line":16,"column":37},"end":{"line":22,"column":2}},"2":{"start":{"line":25,"column":1},"end":{"line":28,"column":2}},"3":{"start":{"line":26,"column":2},"end":{"line":26,"column":51}},"4":{"start":{"line":27,"column":2},"end":{"line":27,"column":16}},"5":{"start":{"line":30,"column":18},"end":{"line":30,"column":62}},"6":{"start":{"line":32,"column":1},"end":{"line":35,"column":2}},"7":{"start":{"line":33,"column":2},"end":{"line":33,"column":80}},"8":{"start":{"line":34,"column":2},"end":{"line":34,"column":16}},"9":{"start":{"line":37,"column":1},"end":{"line":37,"column":36}},"10":{"start":{"line":39,"column":1},"end":{"line":78,"column":2}},"11":{"start":{"line":40,"column":19},"end":{"line":40,"column":67}},"12":{"start":{"line":41,"column":40},"end":{"line":41,"column":48}},"13":{"start":{"line":43,"column":2},"end":{"line":77,"column":3}},"14":{"start":{"line":45,"column":4},"end":{"line":48,"column":5}},"15":{"start":{"line":46,"column":5},"end":{"line":46,"column":62}},"16":{"start":{"line":47,"column":5},"end":{"line":47,"column":11}},"17":{"start":{"line":50,"column":4},"end":{"line":50,"column":32}},"18":{"start":{"line":51,"column":4},"end":{"line":51,"column":43}},"19":{"start":{"line":52,"column":4},"end":{"line":52,"column":10}},"20":{"start":{"line":55,"column":4},"end":{"line":58,"column":5}},"21":{"start":{"line":56,"column":5},"end":{"line":56,"column":61}},"22":{"start":{"line":57,"column":5},"end":{"line":57,"column":11}},"23":{"start":{"line":60,"column":4},"end":{"line":60,"column":35}},"24":{"start":{"line":61,"column":4},"end":{"line":61,"column":43}},"25":{"start":{"line":62,"column":4},"end":{"line":62,"column":10}},"26":{"start":{"line":65,"column":4},"end":{"line":68,"column":5}},"27":{"start":{"line":66,"column":5},"end":{"line":66,"column":61}},"28":{"start":{"line":67,"column":5},"end":{"line":67,"column":11}},"29":{"start":{"line":70,"column":4},"end":{"line":70,"column":35}},"30":{"start":{"line":71,"column":4},"end":{"line":71,"column":43}},"31":{"start":{"line":72,"column":4},"end":{"line":72,"column":10}},"32":{"start":{"line":75,"column":4},"end":{"line":75,"column":47}},"33":{"start":{"line":80,"column":1},"end":{"line":80,"column":33}},"34":{"start":{"line":82,"column":1},"end":{"line":82,"column":15}}},"fnMap":{"0":{"name":"parseLogsSection","decl":{"start":{"line":24,"column":9},"end":{"line":24,"column":25}},"loc":{"start":{"line":24,"column":58},"end":{"line":83,"column":1}}}},"branchMap":{"0":{"loc":{"start":{"line":25,"column":1},"end":{"line":28,"column":2}},"type":"if","locations":[{"start":{"line":25,"column":1},"end":{"line":28,"column":2}}]},"1":{"loc":{"start":{"line":32,"column":1},"end":{"line":35,"column":2}},"type":"if","locations":[{"start":{"line":32,"column":1},"end":{"line":35,"column":2}}]},"2":{"loc":{"start":{"line":32,"column":5},"end":{"line":32,"column":78}},"type":"binary-expr","locations":[{"start":{"line":32,"column":5},"end":{"line":32,"column":32}},{"start":{"line":32,"column":36},"end":{"line":32,"column":58}},{"start":{"line":32,"column":62},"end":{"line":32,"column":78}}]},"3":{"loc":{"start":{"line":43,"column":2},"end":{"line":77,"column":3}},"type":"switch","locations":[{"start":{"line":44,"column":3},"end":{"line":53,"column":4}},{"start":{"line":54,"column":3},"end":{"line":63,"column":4}},{"start":{"line":64,"column":3},"end":{"line":73,"column":4}},{"start":{"line":74,"column":3},"end":{"line":76,"column":4}}]},"4":{"loc":{"start":{"line":45,"column":4},"end":{"line":48,"column":5}},"type":"if","locations":[{"start":{"line":45,"column":4},"end":{"line":48,"column":5}}]},"5":{"loc":{"start":{"line":55,"column":4},"end":{"line":58,"column":5}},"type":"if","locations":[{"start":{"line":55,"column":4},"end":{"line":58,"column":5}}]},"6":{"loc":{"start":{"line":65,"column":4},"end":{"line":68,"column":5}},"type":"if","locations":[{"start":{"line":65,"column":4},"end":{"line":68,"column":5}}]}},"s":{"0":0,"1":0,"2":0,"3":0,"4":0,"5":0,"6":0,"7":0,"8":0,"9":0,"10":0,"11":0,"12":0,"13":0,"14":0,"15":0,"16":0,"17":0,"18":0,"19":0,"20":0,"21":0,"22":0,"23":0,"24":0,"25":0,"26":0,"27":0,"28":0,"29":0,"30":0,"31":0,"32":0,"33":0,"34":0},"f":{"0":0},"b":{"0":[0],"1":[0],"2":[0,0,0],"3":[0,0,0,0],"4":[0],"5":[0],"6":[0]}}
,"D:\\Projects\\Dev\\Node\\srm-manifest-generator\\src\\config\\parse\\section\\section-other.ts": {"path":"D:\\Projects\\Dev\\Node\\srm-manifest-generator\\src\\config\\parse\\section\\section-other.ts","statementMap":{"0":{"start":{"line":15,"column":19},"end":{"line":15,"column":26}},"1":{"start":{"line":16,"column":37},"end":{"line":22,"column":2}},"2":{"start":{"line":25,"column":1},"end":{"line":28,"column":2}},"3":{"start":{"line":26,"column":2},"end":{"line":26,"column":51}},"4":{"start":{"line":27,"column":2},"end":{"line":27,"column":16}},"5":{"start":{"line":30,"column":18},"end":{"line":30,"column":62}},"6":{"start":{"line":32,"column":1},"end":{"line":35,"column":2}},"7":{"start":{"line":33,"column":2},"end":{"line":33,"column":80}},"8":{"start":{"line":34,"column":2},"end":{"line":34,"column":16}},"9":{"start":{"line":37,"column":1},"end":{"line":37,"column":36}},"10":{"start":{"line":39,"column":1},"end":{"line":78,"column":2}},"11":{"start":{"line":40,"column":19},"end":{"line":40,"column":67}},"12":{"start":{"line":41,"column":40},"end":{"line":41,"column":48}},"13":{"start":{"line":43,"column":2},"end":{"line":77,"column":3}},"14":{"start":{"line":45,"column":4},"end":{"line":48,"column":5}},"15":{"start":{"line":46,"column":5},"end":{"line":46,"column":62}},"16":{"start":{"line":47,"column":5},"end":{"line":47,"column":11}},"17":{"start":{"line":50,"column":4},"end":{"line":50,"column":31}},"18":{"start":{"line":51,"column":4},"end":{"line":51,"column":43}},"19":{"start":{"line":52,"column":4},"end":{"line":52,"column":10}},"20":{"start":{"line":55,"column":4},"end":{"line":58,"column":5}},"21":{"start":{"line":56,"column":5},"end":{"line":56,"column":62}},"22":{"start":{"line":57,"column":5},"end":{"line":57,"column":11}},"23":{"start":{"line":60,"column":4},"end":{"line":60,"column":34}},"24":{"start":{"line":61,"column":4},"end":{"line":61,"column":43}},"25":{"start":{"line":62,"column":4},"end":{"line":62,"column":10}},"26":{"start":{"line":65,"column":4},"end":{"line":68,"column":5}},"27":{"start":{"line":66,"column":5},"end":{"line":66,"column":62}},"28":{"start":{"line":67,"column":5},"end":{"line":67,"column":11}},"29":{"start":{"line":70,"column":4},"end":{"line":70,"column":33}},"30":{"start":{"line":71,"column":4},"end":{"line":71,"column":43}},"31":{"start":{"line":72,"column":4},"end":{"line":72,"column":10}},"32":{"start":{"line":75,"column":4},"end":{"line":75,"column":47}},"33":{"start":{"line":80,"column":1},"end":{"line":80,"column":33}},"34":{"start":{"line":82,"column":1},"end":{"line":82,"column":15}}},"fnMap":{"0":{"name":"parseOtherSection","decl":{"start":{"line":24,"column":9},"end":{"line":24,"column":26}},"loc":{"start":{"line":24,"column":59},"end":{"line":83,"column":1}}}},"branchMap":{"0":{"loc":{"start":{"line":25,"column":1},"end":{"line":28,"column":2}},"type":"if","locations":[{"start":{"line":25,"column":1},"end":{"line":28,"column":2}}]},"1":{"loc":{"start":{"line":32,"column":1},"end":{"line":35,"column":2}},"type":"if","locations":[{"start":{"line":32,"column":1},"end":{"line":35,"column":2}}]},"2":{"loc":{"start":{"line":32,"column":5},"end":{"line":32,"column":78}},"type":"binary-expr","locations":[{"start":{"line":32,"column":5},"end":{"line":32,"column":32}},{"start":{"line":32,"column":36},"end":{"line":32,"column":58}},{"start":{"line":32,"column":62},"end":{"line":32,"column":78}}]},"3":{"loc":{"start":{"line":43,"column":2},"end":{"line":77,"column":3}},"type":"switch","locations":[{"start":{"line":44,"column":3},"end":{"line":53,"column":4}},{"start":{"line":54,"column":3},"end":{"line":63,"column":4}},{"start":{"line":64,"column":3},"end":{"line":73,"column":4}},{"start":{"line":74,"column":3},"end":{"line":76,"column":4}}]},"4":{"loc":{"start":{"line":45,"column":4},"end":{"line":48,"column":5}},"type":"if","locations":[{"start":{"line":45,"column":4},"end":{"line":48,"column":5}}]},"5":{"loc":{"start":{"line":55,"column":4},"end":{"line":58,"column":5}},"type":"if","locations":[{"start":{"line":55,"column":4},"end":{"line":58,"column":5}}]},"6":{"loc":{"start":{"line":65,"column":4},"end":{"line":68,"column":5}},"type":"if","locations":[{"start":{"line":65,"column":4},"end":{"line":68,"column":5}}]}},"s":{"0":0,"1":0,"2":0,"3":0,"4":0,"5":0,"6":0,"7":0,"8":0,"9":0,"10":0,"11":0,"12":0,"13":0,"14":0,"15":0,"16":0,"17":0,"18":0,"19":0,"20":0,"21":0,"22":0,"23":0,"24":0,"25":0,"26":0,"27":0,"28":0,"29":0,"30":0,"31":0,"32":0,"33":0,"34":0},"f":{"0":0},"b":{"0":[0],"1":[0],"2":[0,0,0],"3":[0,0,0,0],"4":[0],"5":[0],"6":[0]}}
,"D:\\Projects\\Dev\\Node\\srm-manifest-generator\\src\\config\\parse\\section\\section-output.ts": {"path":"D:\\Projects\\Dev\\Node\\srm-manifest-generator\\src\\config\\parse\\section\\section-output.ts","statementMap":{"0":{"start":{"line":17,"column":19},"end":{"line":17,"column":27}},"1":{"start":{"line":18,"column":37},"end":{"line":24,"column":2}},"2":{"start":{"line":27,"column":1},"end":{"line":30,"column":2}},"3":{"start":{"line":28,"column":2},"end":{"line":28,"column":51}},"4":{"start":{"line":29,"column":2},"end":{"line":29,"column":16}},"5":{"start":{"line":32,"column":18},"end":{"line":32,"column":62}},"6":{"start":{"line":34,"column":1},"end":{"line":37,"column":2}},"7":{"start":{"line":35,"column":2},"end":{"line":35,"column":80}},"8":{"start":{"line":36,"column":2},"end":{"line":36,"column":16}},"9":{"start":{"line":39,"column":1},"end":{"line":39,"column":36}},"10":{"start":{"line":41,"column":1},"end":{"line":88,"column":2}},"11":{"start":{"line":42,"column":19},"end":{"line":42,"column":67}},"12":{"start":{"line":43,"column":40},"end":{"line":43,"column":48}},"13":{"start":{"line":45,"column":2},"end":{"line":87,"column":3}},"14":{"start":{"line":47,"column":4},"end":{"line":50,"column":5}},"15":{"start":{"line":48,"column":5},"end":{"line":48,"column":62}},"16":{"start":{"line":49,"column":5},"end":{"line":49,"column":11}},"17":{"start":{"line":52,"column":4},"end":{"line":52,"column":33}},"18":{"start":{"line":53,"column":4},"end":{"line":53,"column":43}},"19":{"start":{"line":54,"column":4},"end":{"line":54,"column":10}},"20":{"start":{"line":57,"column":4},"end":{"line":60,"column":5}},"21":{"start":{"line":58,"column":5},"end":{"line":58,"column":61}},"22":{"start":{"line":59,"column":5},"end":{"line":59,"column":11}},"23":{"start":{"line":62,"column":4},"end":{"line":62,"column":39}},"24":{"start":{"line":63,"column":4},"end":{"line":63,"column":43}},"25":{"start":{"line":64,"column":4},"end":{"line":64,"column":10}},"26":{"start":{"line":67,"column":4},"end":{"line":70,"column":5}},"27":{"start":{"line":68,"column":5},"end":{"line":68,"column":61}},"28":{"start":{"line":69,"column":5},"end":{"line":69,"column":11}},"29":{"start":{"line":72,"column":21},"end":{"line":72,"column":40}},"30":{"start":{"line":74,"column":4},"end":{"line":79,"column":5}},"31":{"start":{"line":74,"column":32},"end":{"line":74,"column":72}},"32":{"start":{"line":75,"column":9},"end":{"line":79,"column":5}},"33":{"start":{"line":75,"column":36},"end":{"line":75,"column":75}},"34":{"start":{"line":77,"column":5},"end":{"line":77,"column":49}},"35":{"start":{"line":78,"column":5},"end":{"line":78,"column":11}},"36":{"start":{"line":81,"column":4},"end":{"line":81,"column":43}},"37":{"start":{"line":82,"column":4},"end":{"line":82,"column":10}},"38":{"start":{"line":85,"column":4},"end":{"line":85,"column":47}},"39":{"start":{"line":90,"column":1},"end":{"line":90,"column":33}},"40":{"start":{"line":92,"column":1},"end":{"line":92,"column":15}}},"fnMap":{"0":{"name":"parseOutputSection","decl":{"start":{"line":26,"column":9},"end":{"line":26,"column":27}},"loc":{"start":{"line":26,"column":60},"end":{"line":93,"column":1}}}},"branchMap":{"0":{"loc":{"start":{"line":27,"column":1},"end":{"line":30,"column":2}},"type":"if","locations":[{"start":{"line":27,"column":1},"end":{"line":30,"column":2}}]},"1":{"loc":{"start":{"line":34,"column":1},"end":{"line":37,"column":2}},"type":"if","locations":[{"start":{"line":34,"column":1},"end":{"line":37,"column":2}}]},"2":{"loc":{"start":{"line":34,"column":5},"end":{"line":34,"column":78}},"type":"binary-expr","locations":[{"start":{"line":34,"column":5},"end":{"line":34,"column":32}},{"start":{"line":34,"column":36},"end":{"line":34,"column":58}},{"start":{"line":34,"column":62},"end":{"line":34,"column":78}}]},"3":{"loc":{"start":{"line":45,"column":2},"end":{"line":87,"column":3}},"type":"switch","locations":[{"start":{"line":46,"column":3},"end":{"line":55,"column":4}},{"start":{"line":56,"column":3},"end":{"line":65,"column":4}},{"start":{"line":66,"column":3},"end":{"line":83,"column":4}},{"start":{"line":84,"column":3},"end":{"line":86,"column":4}}]},"4":{"loc":{"start":{"line":47,"column":4},"end":{"line":50,"column":5}},"type":"if","locations":[{"start":{"line":47,"column":4},"end":{"line":50,"column":5}}]},"5":{"loc":{"start":{"line":57,"column":4},"end":{"line":60,"column":5}},"type":"if","locations":[{"start":{"line":57,"column":4},"end":{"line":60,"column":5}}]},"6":{"loc":{"start":{"line":67,"column":4},"end":{"line":70,"column":5}},"type":"if","locations":[{"start":{"line":67,"column":4},"end":{"line":70,"column":5}}]},"7":{"loc":{"start":{"line":74,"column":4},"end":{"line":79,"column":5}},"type":"if","locations":[{"start":{"line":74,"column":4},"end":{"line":79,"column":5}},{"start":{"line":75,"column":9},"end":{"line":79,"column":5}}]},"8":{"loc":{"start":{"line":75,"column":9},"end":{"line":79,"column":5}},"type":"if","locations":[{"start":{"line":75,"column":9},"end":{"line":79,"column":5}},{"start":{"line":76,"column":9},"end":{"line":79,"column":5}}]}},"s":{"0":0,"1":0,"2":0,"3":0,"4":0,"5":0,"6":0,"7":0,"8":0,"9":0,"10":0,"11":0,"12":0,"13":0,"14":0,"15":0,"16":0,"17":0,"18":0,"19":0,"20":0,"21":0,"22":0,"23":0,"24":0,"25":0,"26":0,"27":0,"28":0,"29":0,"30":0,"31":0,"32":0,"33":0,"34":0,"35":0,"36":0,"37":0,"38":0,"39":0,"40":0},"f":{"0":0},"b":{"0":[0],"1":[0],"2":[0,0,0],"3":[0,0,0,0],"4":[0],"5":[0],"6":[0],"7":[0,0],"8":[0,0]}}
,"D:\\Projects\\Dev\\Node\\srm-manifest-generator\\src\\config\\parse\\section\\section-search.ts": {"path":"D:\\Projects\\Dev\\Node\\srm-manifest-generator\\src\\config\\parse\\section\\section-search.ts","statementMap":{"0":{"start":{"line":19,"column":19},"end":{"line":19,"column":27}},"1":{"start":{"line":20,"column":37},"end":{"line":27,"column":2}},"2":{"start":{"line":30,"column":1},"end":{"line":33,"column":2}},"3":{"start":{"line":31,"column":2},"end":{"line":31,"column":55}},"4":{"start":{"line":32,"column":2},"end":{"line":32,"column":17}},"5":{"start":{"line":35,"column":18},"end":{"line":35,"column":62}},"6":{"start":{"line":37,"column":1},"end":{"line":40,"column":2}},"7":{"start":{"line":38,"column":2},"end":{"line":38,"column":77}},"8":{"start":{"line":39,"column":2},"end":{"line":39,"column":17}},"9":{"start":{"line":42,"column":1},"end":{"line":42,"column":36}},"10":{"start":{"line":44,"column":1},"end":{"line":98,"column":2}},"11":{"start":{"line":45,"column":19},"end":{"line":45,"column":67}},"12":{"start":{"line":46,"column":57},"end":{"line":46,"column":65}},"13":{"start":{"line":48,"column":2},"end":{"line":97,"column":3}},"14":{"start":{"line":50,"column":4},"end":{"line":53,"column":5}},"15":{"start":{"line":51,"column":5},"end":{"line":51,"column":62}},"16":{"start":{"line":52,"column":5},"end":{"line":52,"column":11}},"17":{"start":{"line":55,"column":4},"end":{"line":55,"column":42}},"18":{"start":{"line":56,"column":4},"end":{"line":56,"column":43}},"19":{"start":{"line":57,"column":4},"end":{"line":57,"column":10}},"20":{"start":{"line":60,"column":4},"end":{"line":63,"column":5}},"21":{"start":{"line":61,"column":5},"end":{"line":61,"column":62}},"22":{"start":{"line":62,"column":5},"end":{"line":62,"column":11}},"23":{"start":{"line":65,"column":4},"end":{"line":65,"column":42}},"24":{"start":{"line":66,"column":4},"end":{"line":66,"column":43}},"25":{"start":{"line":67,"column":4},"end":{"line":67,"column":10}},"26":{"start":{"line":72,"column":4},"end":{"line":77,"column":5}},"27":{"start":{"line":73,"column":5},"end":{"line":75,"column":7}},"28":{"start":{"line":76,"column":5},"end":{"line":76,"column":11}},"29":{"start":{"line":79,"column":4},"end":{"line":90,"column":5}},"30":{"start":{"line":79,"column":52},"end":{"line":79,"column":76}},"31":{"start":{"line":80,"column":5},"end":{"line":80,"column":66}},"32":{"start":{"line":81,"column":5},"end":{"line":81,"column":44}},"33":{"start":{"line":83,"column":5},"end":{"line":89,"column":6}},"34":{"start":{"line":84,"column":6},"end":{"line":84,"column":72}},"35":{"start":{"line":86,"column":6},"end":{"line":88,"column":8}},"36":{"start":{"line":92,"column":4},"end":{"line":92,"column":10}},"37":{"start":{"line":95,"column":4},"end":{"line":95,"column":47}},"38":{"start":{"line":100,"column":1},"end":{"line":100,"column":33}},"39":{"start":{"line":102,"column":1},"end":{"line":102,"column":15}}},"fnMap":{"0":{"name":"parseSearchSection","decl":{"start":{"line":29,"column":15},"end":{"line":29,"column":33}},"loc":{"start":{"line":29,"column":66},"end":{"line":103,"column":1}}},"1":{"name":"(anonymous_1)","decl":{"start":{"line":79,"column":44},"end":{"line":79,"column":48}},"loc":{"start":{"line":79,"column":52},"end":{"line":79,"column":76}}}},"branchMap":{"0":{"loc":{"start":{"line":30,"column":1},"end":{"line":33,"column":2}},"type":"if","locations":[{"start":{"line":30,"column":1},"end":{"line":33,"column":2}}]},"1":{"loc":{"start":{"line":37,"column":1},"end":{"line":40,"column":2}},"type":"if","locations":[{"start":{"line":37,"column":1},"end":{"line":40,"column":2}}]},"2":{"loc":{"start":{"line":37,"column":5},"end":{"line":37,"column":78}},"type":"binary-expr","locations":[{"start":{"line":37,"column":5},"end":{"line":37,"column":32}},{"start":{"line":37,"column":36},"end":{"line":37,"column":58}},{"start":{"line":37,"column":62},"end":{"line":37,"column":78}}]},"3":{"loc":{"start":{"line":48,"column":2},"end":{"line":97,"column":3}},"type":"switch","locations":[{"start":{"line":49,"column":3},"end":{"line":58,"column":4}},{"start":{"line":59,"column":3},"end":{"line":68,"column":4}},{"start":{"line":69,"column":3},"end":{"line":93,"column":4}},{"start":{"line":94,"column":3},"end":{"line":96,"column":4}}]},"4":{"loc":{"start":{"line":50,"column":4},"end":{"line":53,"column":5}},"type":"if","locations":[{"start":{"line":50,"column":4},"end":{"line":53,"column":5}}]},"5":{"loc":{"start":{"line":60,"column":4},"end":{"line":63,"column":5}},"type":"if","locations":[{"start":{"line":60,"column":4},"end":{"line":63,"column":5}}]},"6":{"loc":{"start":{"line":72,"column":4},"end":{"line":77,"column":5}},"type":"if","locations":[{"start":{"line":72,"column":4},"end":{"line":77,"column":5}}]},"7":{"loc":{"start":{"line":79,"column":4},"end":{"line":90,"column":5}},"type":"if","locations":[{"start":{"line":79,"column":4},"end":{"line":90,"column":5}},{"start":{"line":82,"column":11},"end":{"line":90,"column":5}}]},"8":{"loc":{"start":{"line":79,"column":8},"end":{"line":79,"column":77}},"type":"binary-expr","locations":[{"start":{"line":79,"column":8},"end":{"line":79,"column":28}},{"start":{"line":79,"column":32},"end":{"line":79,"column":77}}]},"9":{"loc":{"start":{"line":83,"column":5},"end":{"line":89,"column":6}},"type":"if","locations":[{"start":{"line":83,"column":5},"end":{"line":89,"column":6}},{"start":{"line":85,"column":12},"end":{"line":89,"column":6}}]}},"s":{"0":0,"1":0,"2":0,"3":0,"4":0,"5":0,"6":0,"7":0,"8":0,"9":0,"10":0,"11":0,"12":0,"13":0,"14":0,"15":0,"16":0,"17":0,"18":0,"19":0,"20":0,"21":0,"22":0,"23":0,"24":0,"25":0,"26":0,"27":0,"28":0,"29":0,"30":0,"31":0,"32":0,"33":0,"34":0,"35":0,"36":0,"37":0,"38":0,"39":0},"f":{"0":0,"1":0},"b":{"0":[0],"1":[0],"2":[0,0,0],"3":[0,0,0,0],"4":[0],"5":[0],"6":[0],"7":[0,0],"8":[0,0],"9":[0,0]}}
,"D:\\Projects\\Dev\\Node\\srm-manifest-generator\\src\\config\\parse\\section\\section-validate.ts": {"path":"D:\\Projects\\Dev\\Node\\srm-manifest-generator\\src\\config\\parse\\section\\section-validate.ts","statementMap":{"0":{"start":{"line":16,"column":19},"end":{"line":16,"column":29}},"1":{"start":{"line":17,"column":37},"end":{"line":32,"column":2}},"2":{"start":{"line":35,"column":1},"end":{"line":38,"column":2}},"3":{"start":{"line":36,"column":2},"end":{"line":36,"column":51}},"4":{"start":{"line":37,"column":2},"end":{"line":37,"column":16}},"5":{"start":{"line":40,"column":18},"end":{"line":40,"column":62}},"6":{"start":{"line":42,"column":1},"end":{"line":45,"column":2}},"7":{"start":{"line":43,"column":2},"end":{"line":43,"column":80}},"8":{"start":{"line":44,"column":2},"end":{"line":44,"column":16}},"9":{"start":{"line":47,"column":1},"end":{"line":47,"column":36}},"10":{"start":{"line":49,"column":1},"end":{"line":114,"column":2}},"11":{"start":{"line":50,"column":19},"end":{"line":50,"column":67}},"12":{"start":{"line":51,"column":40},"end":{"line":51,"column":48}},"13":{"start":{"line":53,"column":2},"end":{"line":113,"column":3}},"14":{"start":{"line":55,"column":4},"end":{"line":58,"column":5}},"15":{"start":{"line":56,"column":5},"end":{"line":56,"column":62}},"16":{"start":{"line":57,"column":5},"end":{"line":57,"column":11}},"17":{"start":{"line":60,"column":4},"end":{"line":60,"column":38}},"18":{"start":{"line":61,"column":4},"end":{"line":61,"column":43}},"19":{"start":{"line":62,"column":4},"end":{"line":62,"column":10}},"20":{"start":{"line":65,"column":4},"end":{"line":68,"column":5}},"21":{"start":{"line":66,"column":5},"end":{"line":66,"column":62}},"22":{"start":{"line":67,"column":5},"end":{"line":67,"column":11}},"23":{"start":{"line":70,"column":4},"end":{"line":70,"column":40}},"24":{"start":{"line":71,"column":4},"end":{"line":71,"column":43}},"25":{"start":{"line":72,"column":4},"end":{"line":72,"column":10}},"26":{"start":{"line":75,"column":4},"end":{"line":78,"column":5}},"27":{"start":{"line":76,"column":5},"end":{"line":76,"column":62}},"28":{"start":{"line":77,"column":5},"end":{"line":77,"column":11}},"29":{"start":{"line":80,"column":4},"end":{"line":80,"column":46}},"30":{"start":{"line":81,"column":4},"end":{"line":81,"column":43}},"31":{"start":{"line":82,"column":4},"end":{"line":82,"column":10}},"32":{"start":{"line":85,"column":4},"end":{"line":88,"column":5}},"33":{"start":{"line":86,"column":5},"end":{"line":86,"column":81}},"34":{"start":{"line":87,"column":5},"end":{"line":87,"column":11}},"35":{"start":{"line":92,"column":4},"end":{"line":104,"column":5}},"36":{"start":{"line":93,"column":5},"end":{"line":93,"column":26}},"37":{"start":{"line":94,"column":11},"end":{"line":104,"column":5}},"38":{"start":{"line":97,"column":25},"end":{"line":97,"column":49}},"39":{"start":{"line":99,"column":5},"end":{"line":99,"column":24}},"40":{"start":{"line":101,"column":5},"end":{"line":103,"column":7}},"41":{"start":{"line":106,"column":4},"end":{"line":106,"column":54}},"42":{"start":{"line":107,"column":4},"end":{"line":107,"column":43}},"43":{"start":{"line":108,"column":4},"end":{"line":108,"column":10}},"44":{"start":{"line":111,"column":4},"end":{"line":111,"column":47}},"45":{"start":{"line":116,"column":1},"end":{"line":116,"column":33}},"46":{"start":{"line":118,"column":1},"end":{"line":118,"column":15}}},"fnMap":{"0":{"name":"parseValidateSection","decl":{"start":{"line":34,"column":9},"end":{"line":34,"column":29}},"loc":{"start":{"line":34,"column":62},"end":{"line":119,"column":1}}},"1":{"name":"(anonymous_1)","decl":{"start":{"line":97,"column":17},"end":{"line":97,"column":21}},"loc":{"start":{"line":97,"column":25},"end":{"line":97,"column":49}}}},"branchMap":{"0":{"loc":{"start":{"line":35,"column":1},"end":{"line":38,"column":2}},"type":"if","locations":[{"start":{"line":35,"column":1},"end":{"line":38,"column":2}}]},"1":{"loc":{"start":{"line":42,"column":1},"end":{"line":45,"column":2}},"type":"if","locations":[{"start":{"line":42,"column":1},"end":{"line":45,"column":2}}]},"2":{"loc":{"start":{"line":42,"column":5},"end":{"line":42,"column":78}},"type":"binary-expr","locations":[{"start":{"line":42,"column":5},"end":{"line":42,"column":32}},{"start":{"line":42,"column":36},"end":{"line":42,"column":58}},{"start":{"line":42,"column":62},"end":{"line":42,"column":78}}]},"3":{"loc":{"start":{"line":53,"column":2},"end":{"line":113,"column":3}},"type":"switch","locations":[{"start":{"line":54,"column":3},"end":{"line":63,"column":4}},{"start":{"line":64,"column":3},"end":{"line":73,"column":4}},{"start":{"line":74,"column":3},"end":{"line":83,"column":4}},{"start":{"line":84,"column":3},"end":{"line":109,"column":4}},{"start":{"line":110,"column":3},"end":{"line":112,"column":4}}]},"4":{"loc":{"start":{"line":55,"column":4},"end":{"line":58,"column":5}},"type":"if","locations":[{"start":{"line":55,"column":4},"end":{"line":58,"column":5}}]},"5":{"loc":{"start":{"line":65,"column":4},"end":{"line":68,"column":5}},"type":"if","locations":[{"start":{"line":65,"column":4},"end":{"line":68,"column":5}}]},"6":{"loc":{"start":{"line":75,"column":4},"end":{"line":78,"column":5}},"type":"if","locations":[{"start":{"line":75,"column":4},"end":{"line":78,"column":5}}]},"7":{"loc":{"start":{"line":85,"column":4},"end":{"line":88,"column":5}},"type":"if","locations":[{"start":{"line":85,"column":4},"end":{"line":88,"column":5}}]},"8":{"loc":{"start":{"line":85,"column":8},"end":{"line":85,"column":89}},"type":"binary-expr","locations":[{"start":{"line":85,"column":8},"end":{"line":85,"column":33}},{"start":{"line":85,"column":38},"end":{"line":85,"column":59}},{"start":{"line":85,"column":63},"end":{"line":85,"column":88}}]},"9":{"loc":{"start":{"line":92,"column":4},"end":{"line":104,"column":5}},"type":"if","locations":[{"start":{"line":92,"column":4},"end":{"line":104,"column":5}},{"start":{"line":94,"column":11},"end":{"line":104,"column":5}}]},"10":{"loc":{"start":{"line":94,"column":11},"end":{"line":104,"column":5}},"type":"if","locations":[{"start":{"line":94,"column":11},"end":{"line":104,"column":5}},{"start":{"line":100,"column":11},"end":{"line":104,"column":5}}]},"11":{"loc":{"start":{"line":95,"column":5},"end":{"line":97,"column":50}},"type":"binary-expr","locations":[{"start":{"line":95,"column":5},"end":{"line":95,"column":30}},{"start":{"line":96,"column":5},"end":{"line":96,"column":25}},{"start":{"line":97,"column":5},"end":{"line":97,"column":50}}]}},"s":{"0":0,"1":0,"2":0,"3":0,"4":0,"5":0,"6":0,"7":0,"8":0,"9":0,"10":0,"11":0,"12":0,"13":0,"14":0,"15":0,"16":0,"17":0,"18":0,"19":0,"20":0,"21":0,"22":0,"23":0,"24":0,"25":0,"26":0,"27":0,"28":0,"29":0,"30":0,"31":0,"32":0,"33":0,"34":0,"35":0,"36":0,"37":0,"38":0,"39":0,"40":0,"41":0,"42":0,"43":0,"44":0,"45":0,"46":0},"f":{"0":0,"1":0},"b":{"0":[0],"1":[0],"2":[0,0,0],"3":[0,0,0,0,0],"4":[0],"5":[0],"6":[0],"7":[0],"8":[0,0,0],"9":[0,0],"10":[0,0],"11":[0,0,0]}}
,"D:\\Projects\\Dev\\Node\\srm-manifest-generator\\src\\type\\config\\OutputMode.ts": {"path":"D:\\Projects\\Dev\\Node\\srm-manifest-generator\\src\\type\\config\\OutputMode.ts","statementMap":{"0":{"start":{"line":1,"column":0},"end":{"line":1,"column":null}},"1":{"start":{"line":2,"column":1},"end":{"line":2,"column":null}},"2":{"start":{"line":3,"column":1},"end":{"line":3,"column":null}}},"fnMap":{"0":{"name":"(anonymous_0)","decl":{"start":{"line":1,"column":0},"end":{"line":1,"column":5}},"loc":{"start":{"line":1,"column":15},"end":{"line":4,"column":1}}}},"branchMap":{"0":{"loc":{"start":{"line":1,"column":5},"end":{"line":1,"column":null}},"type":"binary-expr","locations":[{"start":{"line":1,"column":5},"end":{"line":1,"column":15}},{"start":{"line":1,"column":5},"end":{"line":1,"column":null}}]}},"s":{"0":0,"1":0,"2":0},"f":{"0":0},"b":{"0":[0,0]}}
,"D:\\Projects\\Dev\\Node\\srm-manifest-generator\\src\\type\\config\\UserConfig.ts": {"path":"D:\\Projects\\Dev\\Node\\srm-manifest-generator\\src\\type\\config\\UserConfig.ts","statementMap":{"0":{"start":{"line":19,"column":2},"end":{"line":23,"column":4}},"1":{"start":{"line":24,"column":2},"end":{"line":28,"column":4}},"2":{"start":{"line":29,"column":2},"end":{"line":34,"column":4}},"3":{"start":{"line":35,"column":2},"end":{"line":39,"column":4}},"4":{"start":{"line":40,"column":2},"end":{"line":44,"column":4}},"5":{"start":{"line":51,"column":27},"end":{"line":51,"column":89}},"6":{"start":{"line":51,"column":43},"end":{"line":51,"column":89}},"7":{"start":{"line":51,"column":76},"end":{"line":51,"column":88}},"8":{"start":{"line":54,"column":29},"end":{"line":54,"column":62}},"9":{"start":{"line":54,"column":44},"end":{"line":54,"column":62}},"10":{"start":{"line":55,"column":26},"end":{"line":55,"column":64}},"11":{"start":{"line":55,"column":40},"end":{"line":55,"column":64}},"12":{"start":{"line":56,"column":24},"end":{"line":56,"column":58}},"13":{"start":{"line":56,"column":42},"end":{"line":56,"column":58}},"14":{"start":{"line":59,"column":34},"end":{"line":59,"column":72}},"15":{"start":{"line":59,"column":49},"end":{"line":59,"column":72}},"16":{"start":{"line":60,"column":36},"end":{"line":60,"column":76}},"17":{"start":{"line":60,"column":51},"end":{"line":60,"column":76}},"18":{"start":{"line":61,"column":37},"end":{"line":61,"column":83}},"19":{"start":{"line":61,"column":52},"end":{"line":61,"column":83}},"20":{"start":{"line":62,"column":39},"end":{"line":62,"column":89}},"21":{"start":{"line":62,"column":55},"end":{"line":62,"column":89}},"22":{"start":{"line":65,"column":25},"end":{"line":65,"column":59}},"23":{"start":{"line":65,"column":40},"end":{"line":65,"column":59}},"24":{"start":{"line":66,"column":24},"end":{"line":66,"column":78}},"25":{"start":{"line":66,"column":39},"end":{"line":66,"column":78}},"26":{"start":{"line":67,"column":26},"end":{"line":67,"column":99}},"27":{"start":{"line":67,"column":41},"end":{"line":67,"column":99}},"28":{"start":{"line":70,"column":25},"end":{"line":70,"column":57}},"29":{"start":{"line":70,"column":40},"end":{"line":70,"column":57}},"30":{"start":{"line":71,"column":27},"end":{"line":71,"column":61}},"31":{"start":{"line":71,"column":41},"end":{"line":71,"column":61}},"32":{"start":{"line":72,"column":31},"end":{"line":72,"column":65}},"33":{"start":{"line":72,"column":45},"end":{"line":72,"column":65}}},"fnMap":{"0":{"name":"(anonymous_0)","decl":{"start":{"line":18,"column":1},"end":{"line":18,"column":null}},"loc":{"start":{"line":18,"column":1},"end":{"line":45,"column":2}}},"1":{"name":"(anonymous_1)","decl":{"start":{"line":51,"column":27},"end":{"line":51,"column":40}},"loc":{"start":{"line":51,"column":43},"end":{"line":51,"column":89}}},"2":{"name":"(anonymous_2)","decl":{"start":{"line":51,"column":69},"end":{"line":51,"column":72}},"loc":{"start":{"line":51,"column":76},"end":{"line":51,"column":88}}},"3":{"name":"(anonymous_3)","decl":{"start":{"line":54,"column":29},"end":{"line":54,"column":41}},"loc":{"start":{"line":54,"column":44},"end":{"line":54,"column":62}}},"4":{"name":"(anonymous_4)","decl":{"start":{"line":55,"column":26},"end":{"line":55,"column":37}},"loc":{"start":{"line":55,"column":40},"end":{"line":55,"column":64}}},"5":{"name":"(anonymous_5)","decl":{"start":{"line":56,"column":24},"end":{"line":56,"column":39}},"loc":{"start":{"line":56,"column":42},"end":{"line":56,"column":58}}},"6":{"name":"(anonymous_6)","decl":{"start":{"line":59,"column":34},"end":{"line":59,"column":46}},"loc":{"start":{"line":59,"column":49},"end":{"line":59,"column":72}}},"7":{"name":"(anonymous_7)","decl":{"start":{"line":60,"column":36},"end":{"line":60,"column":48}},"loc":{"start":{"line":60,"column":51},"end":{"line":60,"column":76}}},"8":{"name":"(anonymous_8)","decl":{"start":{"line":61,"column":37},"end":{"line":61,"column":49}},"loc":{"start":{"line":61,"column":52},"end":{"line":61,"column":83}}},"9":{"name":"(anonymous_9)","decl":{"start":{"line":62,"column":39},"end":{"line":62,"column":52}},"loc":{"start":{"line":62,"column":55},"end":{"line":62,"column":89}}},"10":{"name":"(anonymous_10)","decl":{"start":{"line":65,"column":25},"end":{"line":65,"column":37}},"loc":{"start":{"line":65,"column":40},"end":{"line":65,"column":59}}},"11":{"name":"(anonymous_11)","decl":{"start":{"line":66,"column":24},"end":{"line":66,"column":36}},"loc":{"start":{"line":66,"column":39},"end":{"line":66,"column":78}}},"12":{"name":"(anonymous_12)","decl":{"start":{"line":67,"column":26},"end":{"line":67,"column":38}},"loc":{"start":{"line":67,"column":41},"end":{"line":67,"column":99}}},"13":{"name":"(anonymous_13)","decl":{"start":{"line":70,"column":25},"end":{"line":70,"column":37}},"loc":{"start":{"line":70,"column":40},"end":{"line":70,"column":57}}},"14":{"name":"(anonymous_14)","decl":{"start":{"line":71,"column":27},"end":{"line":71,"column":38}},"loc":{"start":{"line":71,"column":41},"end":{"line":71,"column":61}}},"15":{"name":"(anonymous_15)","decl":{"start":{"line":72,"column":31},"end":{"line":72,"column":42}},"loc":{"start":{"line":72,"column":45},"end":{"line":72,"column":65}}}},"branchMap":{"0":{"loc":{"start":{"line":66,"column":39},"end":{"line":66,"column":78}},"type":"binary-expr","locations":[{"start":{"line":66,"column":39},"end":{"line":66,"column":55}},{"start":{"line":66,"column":59},"end":{"line":66,"column":78}}]},"1":{"loc":{"start":{"line":67,"column":41},"end":{"line":67,"column":99}},"type":"binary-expr","locations":[{"start":{"line":67,"column":41},"end":{"line":67,"column":59}},{"start":{"line":67,"column":63},"end":{"line":67,"column":77}},{"start":{"line":67,"column":81},"end":{"line":67,"column":99}}]}},"s":{"0":0,"1":0,"2":0,"3":0,"4":0,"5":0,"6":0,"7":0,"8":0,"9":0,"10":0,"11":0,"12":0,"13":0,"14":0,"15":0,"16":0,"17":0,"18":0,"19":0,"20":0,"21":0,"22":0,"23":0,"24":0,"25":0,"26":0,"27":0,"28":0,"29":0,"30":0,"31":0,"32":0,"33":0},"f":{"0":0,"1":0,"2":0,"3":0,"4":0,"5":0,"6":0,"7":0,"8":0,"9":0,"10":0,"11":0,"12":0,"13":0,"14":0,"15":0},"b":{"0":[0,0],"1":[0,0,0]}}
,"D:\\Projects\\Dev\\Node\\srm-manifest-generator\\src\\type\\manifest\\Manifest.ts": {"path":"D:\\Projects\\Dev\\Node\\srm-manifest-generator\\src\\type\\manifest\\Manifest.ts","statementMap":{"0":{"start":{"line":1,"column":0},"end":{"line":1,"column":25}},"1":{"start":{"line":2,"column":0},"end":{"line":2,"column":29}},"2":{"start":{"line":4,"column":0},"end":{"line":4,"column":24}},"3":{"start":{"line":6,"column":0},"end":{"line":6,"column":45}},"4":{"start":{"line":7,"column":0},"end":{"line":7,"column":60}},"5":{"start":{"line":8,"column":0},"end":{"line":8,"column":null}},"6":{"start":{"line":14,"column":0},"end":{"line":14,"column":50}},"7":{"start":{"line":15,"column":0},"end":{"line":15,"column":null}},"8":{"start":{"line":25,"column":0},"end":{"line":25,"column":54}},"9":{"start":{"line":31,"column":0},"end":{"line":31,"column":68}},"10":{"start":{"line":51,"column":2},"end":{"line":51,"column":27}},"11":{"start":{"line":52,"column":2},"end":{"line":52,"column":36}},"12":{"start":{"line":53,"column":2},"end":{"line":53,"column":42}},"13":{"start":{"line":54,"column":2},"end":{"line":54,"column":36}},"14":{"start":{"line":55,"column":2},"end":{"line":55,"column":34}},"15":{"start":{"line":62,"column":2},"end":{"line":62,"column":25}},"16":{"start":{"line":66,"column":2},"end":{"line":66,"column":25}},"17":{"start":{"line":70,"column":2},"end":{"line":70,"column":28}},"18":{"start":{"line":74,"column":2},"end":{"line":74,"column":23}},"19":{"start":{"line":80,"column":2},"end":{"line":80,"column":38}},"20":{"start":{"line":84,"column":2},"end":{"line":84,"column":100}},"21":{"start":{"line":88,"column":2},"end":{"line":88,"column":37}},"22":{"start":{"line":88,"column":24},"end":{"line":88,"column":37}},"23":{"start":{"line":90,"column":2},"end":{"line":90,"column":39}},"24":{"start":{"line":95,"column":2},"end":{"line":95,"column":67}},"25":{"start":{"line":95,"column":57},"end":{"line":95,"column":67}},"26":{"start":{"line":97,"column":2},"end":{"line":97,"column":25}},"27":{"start":{"line":111,"column":2},"end":{"line":115,"column":3}},"28":{"start":{"line":112,"column":3},"end":{"line":112,"column":39}},"29":{"start":{"line":114,"column":3},"end":{"line":114,"column":38}},"30":{"start":{"line":124,"column":2},"end":{"line":129,"column":3}},"31":{"start":{"line":126,"column":4},"end":{"line":126,"column":23}},"32":{"start":{"line":128,"column":4},"end":{"line":128,"column":22}},"33":{"start":{"line":133,"column":2},"end":{"line":138,"column":3}},"34":{"start":{"line":135,"column":4},"end":{"line":135,"column":35}},"35":{"start":{"line":137,"column":4},"end":{"line":137,"column":34}},"36":{"start":{"line":144,"column":2},"end":{"line":144,"column":24}},"37":{"start":{"line":148,"column":2},"end":{"line":148,"column":62}},"38":{"start":{"line":148,"column":44},"end":{"line":148,"column":60}},"39":{"start":{"line":152,"column":2},"end":{"line":152,"column":74}},"40":{"start":{"line":152,"column":48},"end":{"line":152,"column":72}},"41":{"start":{"line":156,"column":2},"end":{"line":156,"column":46}},"42":{"start":{"line":160,"column":21},"end":{"line":160,"column":41}},"43":{"start":{"line":161,"column":20},"end":{"line":161,"column":46}},"44":{"start":{"line":162,"column":20},"end":{"line":162,"column":39}},"45":{"start":{"line":164,"column":17},"end":{"line":164,"column":43}},"46":{"start":{"line":165,"column":14},"end":{"line":165,"column":47}},"47":{"start":{"line":166,"column":15},"end":{"line":166,"column":32}},"48":{"start":{"line":167,"column":14},"end":{"line":167,"column":15}},"49":{"start":{"line":168,"column":14},"end":{"line":168,"column":15}},"50":{"start":{"line":169,"column":9},"end":{"line":169,"column":26}},"51":{"start":{"line":173,"column":2},"end":{"line":179,"column":3}},"52":{"start":{"line":174,"column":3},"end":{"line":176,"column":5}},"53":{"start":{"line":178,"column":3},"end":{"line":178,"column":46}},"54":{"start":{"line":181,"column":2},"end":{"line":204,"column":3}},"55":{"start":{"line":182,"column":3},"end":{"line":182,"column":53}},"56":{"start":{"line":183,"column":3},"end":{"line":188,"column":5}},"57":{"start":{"line":189,"column":3},"end":{"line":201,"column":5}},"58":{"start":{"line":203,"column":3},"end":{"line":203,"column":88}},"59":{"start":{"line":208,"column":37},"en
[...]
:{"start":{"line":253,"column":1},"end":{"line":253,"column":14}},"type":"default-arg","locations":[{"start":{"line":253,"column":9},"end":{"line":253,"column":14}}]},"29":{"loc":{"start":{"line":254,"column":1},"end":{"line":254,"column":23}},"type":"default-arg","locations":[{"start":{"line":254,"column":18},"end":{"line":254,"column":23}}]},"30":{"loc":{"start":{"line":276,"column":1},"end":{"line":276,"column":24}},"type":"default-arg","locations":[{"start":{"line":276,"column":19},"end":{"line":276,"column":24}}]},"31":{"loc":{"start":{"line":277,"column":1},"end":{"line":277,"column":14}},"type":"default-arg","locations":[{"start":{"line":277,"column":9},"end":{"line":277,"column":14}}]},"32":{"loc":{"start":{"line":278,"column":1},"end":{"line":278,"column":23}},"type":"default-arg","locations":[{"start":{"line":278,"column":18},"end":{"line":278,"column":23}}]},"33":{"loc":{"start":{"line":280,"column":1},"end":{"line":282,"column":2}},"type":"if","locations":[{"start":{"line":280,"column":1},"end":{"line":282,"column":2}}]},"34":{"loc":{"start":{"line":280,"column":5},"end":{"line":280,"column":80}},"type":"binary-expr","locations":[{"start":{"line":280,"column":6},"end":{"line":280,"column":25}},{"start":{"line":280,"column":30},"end":{"line":280,"column":49}},{"start":{"line":280,"column":53},"end":{"line":280,"column":68}},{"start":{"line":280,"column":74},"end":{"line":280,"column":80}}]},"35":{"loc":{"start":{"line":284,"column":18},"end":{"line":284,"column":45}},"type":"cond-expr","locations":[{"start":{"line":284,"column":36},"end":{"line":284,"column":39}},{"start":{"line":284,"column":42},"end":{"line":284,"column":45}}]},"36":{"loc":{"start":{"line":303,"column":1},"end":{"line":303,"column":24}},"type":"default-arg","locations":[{"start":{"line":303,"column":19},"end":{"line":303,"column":24}}]},"37":{"loc":{"start":{"line":304,"column":1},"end":{"line":304,"column":26}},"type":"default-arg","locations":[{"start":{"line":304,"column":21},"end":{"line":304,"column":26}}]},"38":{"loc":{"start":{"line":306,"column":21},"end":{"line":306,"column":48}},"type":"cond-expr","locations":[{"start":{"line":306,"column":39},"end":{"line":306,"column":42}},{"start":{"line":306,"column":45},"end":{"line":306,"column":48}}]},"39":{"loc":{"start":{"line":308,"column":1},"end":{"line":310,"column":2}},"type":"if","locations":[{"start":{"line":308,"column":1},"end":{"line":310,"column":2}}]},"40":{"loc":{"start":{"line":308,"column":5},"end":{"line":308,"column":43}},"type":"binary-expr","locations":[{"start":{"line":308,"column":5},"end":{"line":308,"column":20}},{"start":{"line":308,"column":24},"end":{"line":308,"column":43}}]},"41":{"loc":{"start":{"line":312,"column":1},"end":{"line":321,"column":5}},"type":"if","locations":[{"start":{"line":312,"column":1},"end":{"line":321,"column":5}}]},"42":{"loc":{"start":{"line":313,"column":8},"end":{"line":315,"column":9}},"type":"if","locations":[{"start":{"line":313,"column":8},"end":{"line":315,"column":9}}]},"43":{"loc":{"start":{"line":313,"column":12},"end":{"line":313,"column":71}},"type":"binary-expr","locations":[{"start":{"line":313,"column":12},"end":{"line":313,"column":50}},{"start":{"line":313,"column":54},"end":{"line":313,"column":71}}]},"44":{"loc":{"start":{"line":316,"column":8},"end":{"line":318,"column":9}},"type":"if","locations":[{"start":{"line":316,"column":8},"end":{"line":318,"column":9}}]},"45":{"loc":{"start":{"line":316,"column":12},"end":{"line":316,"column":71}},"type":"binary-expr","locations":[{"start":{"line":316,"column":12},"end":{"line":316,"column":50}},{"start":{"line":316,"column":54},"end":{"line":316,"column":71}}]}},"s":{"0":3,"1":3,"2":3,"3":3,"4":3,"5":3,"6":3,"7":3,"8":3,"9":3,"10":3,"11":3,"12":37,"13":26,"14":124,"15":43,"16":1,"17":42,"18":26,"19":42,"20":42,"21":42,"22":26,"23":16,"24":2,"25":14,"26":7,"27":5,"28":2,"29":7,"30":7,"31":5,"32":2,"33":0,"34":9,"35":1,"36":8,"37":4,"38":2,"39":1,"40":1,"41":2,"42":2,"43":1,"44":1,"45":0,"46":4,"47":4,"48":4,"49":4,"50":50,"51":50,"52":31,"53":31,"54":10,"55":10,"56":14,"57":0,"58":14,"59":14,"60":18,"61":18,"62":1,"63":17,"64":15,"65":2,"66":13,"67":2,"68":11,"69":2},"f":{"0":37,"1":26,"2":124,"3":43,"4":26,"5":9,"6":50,"7":50,"8":31,"9":10,"10":10,"11":14,"12":18},"b":{"0":[37,15],"1":[26,22],"2":[124,39],"3":[1],"4":[1],"5":[1],"6":[26],"7":[42,24,15],"8":[2],"9":[16,9],"10":[7],"11":[5,2],"12":[7],"13":[5,2],"14":[1],"15":[1],"16":[4],"17":[2,2],"18":[1,1],"19":[2,0],"20":[1,1],"21":[4],"22":[4,4,4],"23":[0],"24":[2,29],"25":[31,14],"26":[0],"27":[0],"28":[0],"29":[0],"30":[0],"31":[0],"32":[0],"33":[0],"34":[14,12,2,3],"35":[7,7],"36":[0],"37":[0],"38":[8,10],"39":[1],"40":[18,8],"41":[15],"42":[2],"43":[15,4],"44":[2],"45":[13,4]}}
,"D:\\Projects\\Dev\\Node\\srm-manifest-generator\\src\\utility\\string.ts": {"path":"D:\\Projects\\Dev\\Node\\srm-manifest-generator\\src\\utility\\string.ts","statementMap":{"0":{"start":{"line":92,"column":0},"end":{"line":92,"column":16}},"1":{"start":{"line":124,"column":0},"end":{"line":124,"column":16}},"2":{"start":{"line":8,"column":26},"end":{"line":19,"column":1}},"3":{"start":{"line":9,"column":1},"end":{"line":9,"column":47}},"4":{"start":{"line":9,"column":38},"end":{"line":9,"column":47}},"5":{"start":{"line":11,"column":19},"end":{"line":11,"column":36}},"6":{"start":{"line":13,"column":1},"end":{"line":18,"column":2}},"7":{"start":{"line":14,"column":2},"end":{"line":14,"column":33}},"8":{"start":{"line":16,"column":18},"end":{"line":16,"column":42}},"9":{"start":{"line":17,"column":2},"end":{"line":17,"column":43}},"10":{"start":{"line":8,"column":13},"end":{"line":8,"column":26}},"11":{"start":{"line":23,"column":29},"end":{"line":37,"column":1}},"12":{"start":{"line":27,"column":1},"end":{"line":33,"column":2}},"13":{"start":{"line":28,"column":2},"end":{"line":28,"column":15}},"14":{"start":{"line":30,"column":2},"end":{"line":32,"column":3}},"15":{"start":{"line":31,"column":3},"end":{"line":31,"column":21}},"16":{"start":{"line":35,"column":19},"end":{"line":35,"column":36}},"17":{"start":{"line":36,"column":1},"end":{"line":36,"column":46}},"18":{"start":{"line":23,"column":13},"end":{"line":23,"column":29}},"19":{"start":{"line":48,"column":31},"end":{"line":51,"column":1}},"20":{"start":{"line":49,"column":21},"end":{"line":49,"column":38}},"21":{"start":{"line":50,"column":1},"end":{"line":50,"column":70}},"22":{"start":{"line":48,"column":13},"end":{"line":48,"column":31}},"23":{"start":{"line":67,"column":36},"end":{"line":71,"column":1}},"24":{"start":{"line":68,"column":1},"end":{"line":68,"column":18}},"25":{"start":{"line":69,"column":1},"end":{"line":69,"column":35}},"26":{"start":{"line":69,"column":25},"end":{"line":69,"column":35}},"27":{"start":{"line":70,"column":1},"end":{"line":70,"column":43}},"28":{"start":{"line":67,"column":13},"end":{"line":67,"column":36}},"29":{"start":{"line":93,"column":1},"end":{"line":95,"column":2}},"30":{"start":{"line":94,"column":2},"end":{"line":94,"column":54}},"31":{"start":{"line":96,"column":1},"end":{"line":98,"column":2}},"32":{"start":{"line":97,"column":2},"end":{"line":97,"column":74}},"33":{"start":{"line":99,"column":1},"end":{"line":101,"column":2}},"34":{"start":{"line":100,"column":2},"end":{"line":100,"column":14}},"35":{"start":{"line":103,"column":1},"end":{"line":111,"column":2}},"36":{"start":{"line":104,"column":2},"end":{"line":110,"column":3}},"37":{"start":{"line":105,"column":3},"end":{"line":105,"column":27}},"38":{"start":{"line":106,"column":9},"end":{"line":110,"column":3}},"39":{"start":{"line":107,"column":3},"end":{"line":109,"column":4}},"40":{"start":{"line":108,"column":4},"end":{"line":108,"column":29}},"41":{"start":{"line":114,"column":1},"end":{"line":115,"column":20}},"42":{"start":{"line":114,"column":26},"end":{"line":114,"column":42}},"43":{"start":{"line":115,"column":6},"end":{"line":115,"column":20}},"44":{"start":{"line":117,"column":1},"end":{"line":117,"column":68}},"45":{"start":{"line":117,"column":49},"end":{"line":117,"column":68}},"46":{"start":{"line":119,"column":1},"end":{"line":119,"column":23}},"47":{"start":{"line":125,"column":1},"end":{"line":125,"column":88}},"48":{"start":{"line":125,"column":13},"end":{"line":125,"column":88}},"49":{"start":{"line":126,"column":1},"end":{"line":126,"column":101}},"50":{"start":{"line":126,"column":17},"end":{"line":126,"column":101}},"51":{"start":{"line":128,"column":1},"end":{"line":136,"column":2}},"52":{"start":{"line":129,"column":2},"end":{"line":135,"column":3}},"53":{"start":{"line":130,"column":3},"end":{"line":130,"column":16}},"54":{"start":{"line":132,"column":3},"end":{"line":134,"column":5}},"55":{"start":{"line":138,"column":1},"end":{"line":138,"column":35}},"56":{"start":{"line":138,"column":25},"end":{"line":138,"column":35}},"57":{"start":{"line":140,"column":12},"end":{"line":140,"column":14}},"58":{"start":{"line":141,"column":14},"end":{"line":141,"column":26}},"59":{"start":{"line":143,"column":1},"end":{"line":150,"column":2}},"60":{"start":{"line":144,"column":2},"end":{"line":145,"column":85}},"61":{"start":{"line":145,"column":3},"end":{"line":145,"column":85}},"62":{"start":{"line":147,"column":2},"end":{"line":147,"column":16}},"63":{"start":{"line":149,"column":2},"end":{"line":149,"column":38}},"64":{"start":{"line":149,"column":20},"end":{"line":149,"column":38}},"65":{"start":{"line":152,"column":1},"end":{"line":152,"column":13}},"66":{"start":{"line":171,"column":34},"end":{"line":172,"column":51}},"67":{"start":{"line":172,"column":1},"end":{"line":172,"column":51}},"68":{"start":{"line":171,"column":13},"end":{"line":171,"column":34}}},"fnMap":{"0":{"name":"(anonymous_0)","decl":{"start":{"line":8,"column":26},"end":{"line":8,"column":27}},"loc":{"start":{"line":8,"column":48},"end":{"line":19,"column":1}}},"1":{"name":"(anonymous_1)","decl":{"start":{"line":23,"column":29},"end":{"line":23,"column":null}},"loc":{"start":{"line":26,"column":13},"end":{"line":37,"column":1}}},"2":{"name":"(anonymous_2)","decl":{"start":{"line":48,"column":31},"end":{"line":48,"column":32}},"loc":{"start":{"line":48,"column":54},"end":{"line":51,"column":1}}},"3":{"name":"(anonymous_3)","decl":{"start":{"line":67,"column":36},"end":{"line":67,"column":37}},"loc":{"start":{"line":67,"column":61},"end":{"line":71,"column":1}}},"4":{"name":"describeQuantity","decl":{"start":{"line":92,"column":16},"end":{"line":92,"column":32}},"loc":{"start":{"line":92,"column":77},"end":{"line":120,"column":1}}},"5":{"name":"delimitedList","decl":{"start":{"line":124,"column":16},"end":{"line":124,"column":29}},"loc":{"start":{"line":124,"column":72},"end":{"line":153,"column":1}}},"6":{"name":"(anonymous_6)","decl":{"start":{"line":171,"column":34},"end":{"line":171,"column":35}},"loc":{"start":{"line":172,"column":1},"end":{"line":172,"column":51}}}},"branchMap":{"0":{"loc":{"start":{"line":9,"column":1},"end":{"line":9,"column":47}},"type":"if","locations":[{"start":{"line":9,"column":1},"end":{"line":9,"column":47}}]},"1":{"loc":{"start":{"line":9,"column":5},"end":{"line":9,"column":36}},"type":"binary-expr","locations":[{"start":{"line":9,"column":5},"end":{"line":9,"column":20}},{"start":{"line":9,"column":24},"end":{"line":9,"column":36}}]},"2":{"loc":{"start":{"line":13,"column":1},"end":{"line":18,"column":2}},"type":"if","locations":[{"start":{"line":13,"column":1},"end":{"line":18,"column":2}},{"start":{"line":15,"column":8},"end":{"line":18,"column":2}}]},"3":{"loc":{"start":{"line":25,"column":1},"end":{"line":25,"column":18}},"type":"default-arg","locations":[{"start":{"line":25,"column":13},"end":{"line":25,"column":18}}]},"4":{"loc":{"start":{"line":27,"column":1},"end":{"line":33,"column":2}},"type":"if","locations":[{"start":{"line":27,"column":1},"end":{"line":33,"column":2}},{"start":{"line":29,"column":8},"end":{"line":33,"column":2}}]},"5":{"loc":{"start":{"line":30,"column":2},"end":{"line":32,"column":3}},"type":"if","locations":[{"start":{"line":30,"column":2},"end":{"line":32,"column":3}}]},"6":{"loc":{"start":{"line":69,"column":1},"end":{"line":69,"column":35}},"type":"if","locations":[{"start":{"line":69,"column":1},"end":{"line":69,"column":35}}]},"7":{"loc":{"start":{"line":70,"column":8},"end":{"line":70,"column":42}},"type":"cond-expr","locations":[{"start":{"line":70,"column":32},"end":{"line":70,"column":36}},{"start":{"line":70,"column":39},"end":{"line":70,"column":42}}]},"8":{"loc":{"start":{"line":93,"column":1},"end":{"line":95,"column":2}},"type":"if","locations":[{"start":{"line":93,"column":1},"end":{"line":95,"column":2}}]},"9":{"loc":{"start":{"line":96,"column":1},"end":{"line":98,"column":2}},"type":"if","locations":[{"start":{"line":96,"column":1},"end":{"line":98,"column":2}}]},"10":{"loc":{"start":{"line":99,"column":1},"end":{"line":101,"column":2}},"type":"if","locations":[{"start":{"line":99,"column":1},"end":{"line":101,"column":2}}]},"11":{"loc":{"start":{"line":99,"column":5},"end":{"line":99,"column":81}},"type":"binary-expr","locations":[{"start":{"line":99,"column":5},"end":{"line":99,"column":25}},{"start":{"line":99,"column":30},"end":{"line":99,"column":56}},{"start":{"line":99,"column":60},"end":{"line":99,"column":80}}]},"12":{"loc":{"start":{"line":103,"column":1},"end":{"line":111,"column":2}},"type":"if","locations":[{"start":{"line":103,"column":1},"end":{"line":111,"column":2}}]},"13":{"loc":{"start":{"line":104,"column":2},"end":{"line":110,"column":3}},"type":"if","locations":[{"start":{"line":104,"column":2},"end":{"line":110,"column":3}},{"start":{"line":106,"column":9},"end":{"line":110,"column":3}}]},"14":{"loc":{"start":{"line":104,"column":6},"end":{"line":104,"column":56}},"type":"binary-expr","locations":[{"start":{"line":104,"column":6},"end":{"line":104,"column":29}},{"start":{"line":104,"column":33},"end":{"line":104,"column":56}}]},"15":{"loc":{"start":{"line":106,"column":9},"end":{"line":110,"column":3}},"type":"if","locations":[{"start":{"line":106,"column":9},"end":{"line":110,"column":3}}]},"16":{"loc":{"start":{"line":107,"column":3},"end":{"line":109,"column":4}},"type":"if","locations":[{"start":{"line":107,"column":3},"end":{"line":109,"column":4}}]},"17":{"loc":{"start":{"line":107,"column":7},"end":{"line":107,"column":54}},"type":"binary-expr","locations":[{"start":{"line":107,"column":7},"end":{"line":107,"column":27}},{"start":{"line":107,"column":31},"end":{"line":107,"column":54}}]},"18":{"loc":{"start":{"line":114,"column":1},"end":{"line":115,"column":20}},"type":"if","locations":[{"start":{"line":114,"column":1},"end":{"line":115,"column":20}},{"start":{"line":115,"column":6},"end":{"line":115,"column":20}}]},"19":{"loc":{"start":{"line":114,"column":5},"end":{"line":114,"column":24}},"type":"binary-expr","locations":[{"start":{"line":114,"column":5},"end":{"line":114,"column":12}},{"start":{"line":114,"column":16},"end":{"line":114,"column":24}}]},"20":{"loc":{"start":{"line":117,"column":1},"end":{"line":117,"column":68}},"type":"if","locations":[{"start":{"line":117,"column":1},"end":{"line":117,"column":68}}]},"21":{"loc":{"start":{"line":117,"column":5},"end":{"line":117,"column":47}},"type":"binary-expr","locations":[{"start":{"line":117,"column":5},"end":{"line":117,"column":25}},{"start":{"line":117,"column":29},"end":{"line":117,"column":47}}]},"22":{"loc":{"start":{"line":124,"column":56},"end":{"line":124,"column":72}},"type":"default-arg","locations":[{"start":{"line":124,"column":68},"end":{"line":124,"column":72}}]},"23":{"loc":{"start":{"line":125,"column":1},"end":{"line":125,"column":88}},"type":"if","locations":[{"start":{"line":125,"column":1},"end":{"line":125,"column":88}}]},"24":{"loc":{"start":{"line":126,"column":1},"end":{"line":126,"column":101}},"type":"if","locations":[{"start":{"line":126,"column":1},"end":{"line":126,"column":101}}]},"25":{"loc":{"start":{"line":128,"column":1},"end":{"line":136,"column":2}},"type":"if","locations":[{"start":{"line":128,"column":1},"end":{"line":136,"column":2}}]},"26":{"loc":{"start":{"line":129,"column":2},"end":{"line":135,"column":3}},"type":"if","locations":[{"start":{"line":129,"column":2},"end":{"line":135,"column":3}},{"start":{"line":131,"column":9},"end":{"line":135,"column":3}}]},"27":{"loc":{"start":{"line":138,"column":1},"end":{"line":138,"column":35}},"type":"if","locations":[{"start":{"line":138,"column":1},"end":{"line":138,"column":35}}]},"28":{"loc":{"start":{"line":144,"column":2},"end":{"line":145,"column":85}},"type":"if","locations":[{"start":{"line":144,"column":2},"end":{"line":145,"column":85}}]},"29":{"loc":{"start":{"line":149,"column":2},"end":{"line":149,"column":38}},"type":"if","locations":[{"start":{"line":149,"column":2},"end":{"line":149,"column":38}}]},"30":{"loc":{"start":{"line":172,"column":1},"end":{"line":172,"column":51}},"type":"cond-expr","locations":[{"start":{"line":172,"column":24},"end":{"line":172,"column":31}},{"start":{"line":172,"column":34},"end":{"line":172,"column":51}}]}},"s":{"0":6,"1":6,"2":6,"3":21,"4":4,"5":17,"6":17,"7":4,"8":13,"9":13,"10":6,"11":6,"12":15,"13":4,"14":11,"15":6,"16":11,"17":11,"18":6,"19":6,"20":60,"21":60,"22":6,"23":6,"24":8,"25":8,"26":0,"27":8,"28":6,"29":22,"30":5,"31":17,"32":4,"33":13,"34":13,"35":13,"36":13,"37":8,"38":5,"39":5,"40":5,"41":13,"42":0,"43":13,"44":13,"45":0,"46":13,"47":15,"48":2,"49":13,"50":0,"51":13,"52":5,"53":3,"54":2,"55":8,"56":1,"57":7,"58":7,"59":7,"60":21,"61":7,"62":14,"63":14,"64":14,"65":0,"66":6,"67":0,"68":6},"f":{"0":21,"1":15,"2":60,"3":8,"4":22,"5":15,"6":0},"b":{"0":[4],"1":[21,17],"2":[4,13],"3":[9],"4":[4,11],"5":[6],"6":[0],"7":[4,4],"8":[5],"9":[4],"10":[13],"11":[13,3,3],"12":[13],"13":[8,5],"14":[13,8],"15":[5],"16":[5],"17":[5,0],"18":[0,13],"19":[13,13],"20":[0],"21":[13,13],"22":[15],"23":[2],"24":[0],"25":[5],"26":[3,2],"27":[1],"28":[7],"29":[14],"30":[0,0]}}
,"D:\\Projects\\Dev\\Node\\srm-manifest-generator\\src\\utility\\symbols.ts": {"path":"D:\\Projects\\Dev\\Node\\srm-manifest-generator\\src\\utility\\symbols.ts","statementMap":{"0":{"start":{"line":1,"column":0},"end":{"line":1,"column":24}},"1":{"start":{"line":3,"column":0},"end":{"line":3,"column":48}},"2":{"start":{"line":8,"column":13},"end":{"line":20,"column":60}},"3":{"start":{"line":23,"column":13},"end":{"line":31,"column":57}}},"fnMap":{},"branchMap":{},"s":{"0":3,"1":3,"2":3,"3":3},"f":{},"b":{}}
,"D:\\Projects\\Dev\\Node\\srm-manifest-generator\\src\\utility\\type\\BoolFmtPreset.ts": {"path":"D:\\Projects\\Dev\\Node\\srm-manifest-generator\\src\\utility\\type\\BoolFmtPreset.ts","statementMap":{"0":{"start":{"line":6,"column":54},"end":{"line":36,"column":2}},"1":{"start":{"line":38,"column":0},"end":{"line":38,"column":29}}},"fnMap":{},"branchMap":{},"s":{"0":3,"1":3},"f":{},"b":{}}
,"D:\\Projects\\Dev\\Node\\srm-manifest-generator\\src\\utility\\type\\FindProcessDefaultOptions.ts": {"path":"D:\\Projects\\Dev\\Node\\srm-manifest-generator\\src\\utility\\type\\FindProcessDefaultOptions.ts","statementMap":{"0":{"start":{"line":3,"column":54},"end":{"line":10,"column":2}},"1":{"start":{"line":12,"column":0},"end":{"line":12,"column":41}}},"fnMap":{},"branchMap":{},"s":{"0":4,"1":4},"f":{},"b":{}}
,"D:\\Projects\\Dev\\Node\\srm-manifest-generator\\src\\utility\\type\\PlainSymbols.ts": {"path":"D:\\Projects\\Dev\\Node\\srm-manifest-generator\\src\\utility\\type\\PlainSymbols.ts","statementMap":{"0":{"start":{"line":13,"column":53},"end":{"line":67,"column":null}},"1":{"start":{"line":69,"column":0},"end":{"line":69,"column":28}}},"fnMap":{},"branchMap":{},"s":{"0":3,"1":3},"f":{},"b":{}}
,"D:\\Projects\\Dev\\Node\\srm-manifest-generator\\src\\utility\\type\\StyledSymbols.ts": {"path":"D:\\Projects\\Dev\\Node\\srm-manifest-generator\\src\\utility\\type\\StyledSymbols.ts","statementMap":{"0":{"start":{"line":15,"column":54},"end":{"line":51,"column":null}}},"fnMap":{},"branchMap":{},"s":{"0":0},"f":{},"b":{}}
}
