TN:
SF:src\app.ts
FN:8,processManifest
FN:31,startApp
FNF:2
FNH:0
FNDA:0,processManifest
FNDA:0,startApp
DA:12,0
DA:14,0
DA:15,0
DA:21,0
DA:22,0
DA:23,0
DA:25,0
DA:32,0
DA:33,0
DA:35,0
DA:36,0
DA:37,0
DA:39,0
LF:13
LH:0
BRDA:14,0,0,0
BRF:1
BRH:0
end_of_record
TN:
SF:src\index.ts
FNF:0
FNH:0
DA:3,0
DA:4,0
DA:6,0
LF:3
LH:0
BRF:0
BRH:0
end_of_record
TN:
SF:src\bin\cli.ts
FNF:0
FNH:0
DA:2,0
LF:1
LH:0
BRF:0
BRH:0
end_of_record
TN:
SF:src\config\config.ts
FN:30,(anonymous_0)
FN:35,(anonymous_1)
FN:40,(anonymous_2)
FN:45,loadData
FN:54,parseUserConfigData
FNF:5
FNH:0
FNDA:0,(anonymous_0)
FNDA:0,(anonymous_1)
FNDA:0,(anonymous_2)
FNDA:0,loadData
FNDA:0,parseUserConfigData
DA:18,0
DA:19,0
DA:20,0
DA:23,0
DA:24,0
DA:25,0
DA:26,0
DA:30,0
DA:31,0
DA:32,0
DA:35,0
DA:36,0
DA:37,0
DA:40,0
DA:41,0
DA:42,0
DA:46,0
DA:47,0
DA:48,0
DA:50,0
DA:55,0
DA:57,0
DA:58,0
DA:61,0
DA:62,0
DA:63,0
DA:65,0
DA:68,0
DA:71,0
DA:72,0
DA:74,0
DA:75,0
DA:76,0
DA:79,0
DA:80,0
DA:83,0
DA:86,0
DA:88,0
DA:90,0
DA:91,0
DA:92,0
DA:93,0
DA:94,0
DA:96,0
LF:44
LH:0
BRDA:57,0,0,0
BRDA:74,1,0,0
BRDA:74,2,0,0
BRDA:74,2,1,0
BRDA:75,3,0,0
BRDA:75,3,1,0
BRDA:79,4,0,0
BRF:7
BRH:0
end_of_record
TN:
SF:src\config\load-data.ts
FN:28,downloadExampleConfig
FN:38,(anonymous_1)
FN:40,(anonymous_2)
FN:56,(anonymous_3)
FN:63,(anonymous_4)
FN:69,(anonymous_5)
FN:74,(anonymous_6)
FN:75,(anonymous_7)
FN:76,(anonymous_8)
FN:85,(anonymous_9)
FN:86,(anonymous_10)
FN:112,copyExampleConfigToUserConfigPath
FN:155,loadUserConfigData
FNF:13
FNH:0
FNDA:0,downloadExampleConfig
FNDA:0,(anonymous_1)
FNDA:0,(anonymous_2)
FNDA:0,(anonymous_3)
FNDA:0,(anonymous_4)
FNDA:0,(anonymous_5)
FNDA:0,(anonymous_6)
FNDA:0,(anonymous_7)
FNDA:0,(anonymous_8)
FNDA:0,(anonymous_9)
FNDA:0,(anonymous_10)
FNDA:0,copyExampleConfigToUserConfigPath
FNDA:0,loadUserConfigData
DA:29,0
DA:30,0
DA:31,0
DA:38,0
DA:39,0
DA:41,0
DA:42,0
DA:48,0
DA:49,0
DA:51,0
DA:52,0
DA:54,0
DA:56,0
DA:57,0
DA:58,0
DA:59,0
DA:63,0
DA:64,0
DA:67,0
DA:69,0
DA:70,0
DA:71,0
DA:74,0
DA:75,0
DA:76,0
DA:77,0
DA:78,0
DA:85,0
DA:86,0
DA:87,0
DA:88,0
DA:95,0
DA:98,0
DA:99,0
DA:113,0
DA:114,0
DA:115,0
DA:122,0
DA:123,0
DA:124,0
DA:125,0
DA:127,0
DA:159,0
DA:160,0
DA:162,0
DA:163,0
DA:164,0
DA:168,0
DA:176,0
DA:179,0
DA:181,0
DA:183,0
DA:186,0
DA:188,0
DA:189,0
DA:192,0
DA:193,0
DA:196,0
DA:199,0
DA:202,0
DA:205,0
DA:206,0
DA:209,0
DA:210,0
DA:212,0
LF:65
LH:0
BRDA:41,0,0,0
BRDA:58,1,0,0
BRDA:77,2,0,0
BRDA:87,3,0,0
BRDA:205,4,0,0
BRDA:206,5,0,0
BRF:6
BRH:0
end_of_record
TN:
SF:src\config\parse\manifests.ts
FN:28,makeManifests
FN:70,clogLoadedManifests
FN:107,validateManifestPathExists
FN:111,(anonymous_3)
FN:121,validateManifestPathIsSupportedFilesystemType
FN:158,readManifestFile
FN:177,parseManifestFileContentsToData
FN:272,(anonymous_7)
FNF:8
FNH:0
FNDA:0,makeManifests
FNDA:0,clogLoadedManifests
FNDA:0,validateManifestPathExists
FNDA:0,(anonymous_3)
FNDA:0,validateManifestPathIsSupportedFilesystemType
FNDA:0,readManifestFile
FNDA:0,parseManifestFileContentsToData
FNDA:0,(anonymous_7)
DA:29,0
DA:31,0
DA:33,0
DA:34,0
DA:37,0
DA:40,0
DA:41,0
DA:42,0
DA:43,0
DA:45,0
DA:46,0
DA:48,0
DA:49,0
DA:51,0
DA:52,0
DA:53,0
DA:56,0
DA:57,0
DA:58,0
DA:60,0
DA:62,0
DA:65,0
DA:67,0
DA:71,0
DA:72,0
DA:73,0
DA:77,0
DA:78,0
DA:79,0
DA:81,0
DA:84,0
DA:85,0
DA:86,0
DA:87,0
DA:88,0
DA:89,0
DA:90,0
DA:91,0
DA:92,0
DA:93,0
DA:94,0
DA:96,0
DA:97,0
DA:98,0
DA:99,0
DA:101,0
DA:104,0
DA:108,0
DA:110,0
DA:111,0
DA:112,0
DA:115,0
DA:118,0
DA:125,0
DA:127,0
DA:128,0
DA:130,0
DA:131,0
DA:135,0
DA:137,0
DA:138,0
DA:139,0
DA:140,0
DA:141,0
DA:144,0
DA:147,0
DA:149,0
DA:152,0
DA:155,0
DA:159,0
DA:161,0
DA:162,0
DA:164,0
DA:165,0
DA:168,0
DA:169,0
DA:170,0
DA:171,0
DA:173,0
DA:178,0
DA:200,0
DA:207,0
DA:209,0
DA:212,0
DA:214,0
DA:215,0
DA:218,0
DA:220,0
DA:222,0
DA:223,0
DA:224,0
DA:226,0
DA:228,0
DA:230,0
DA:231,0
DA:236,0
DA:237,0
DA:238,0
DA:241,0
DA:244,0
DA:245,0
DA:250,0
DA:251,0
DA:252,0
DA:255,0
DA:258,0
DA:259,0
DA:264,0
DA:265,0
DA:266,0
DA:269,0
DA:272,0
DA:274,0
DA:275,0
DA:276,0
DA:277,0
DA:280,0
DA:281,0
DA:284,0
DA:285,0
DA:291,0
DA:292,0
DA:293,0
DA:294,0
DA:297,0
DA:298,0
DA:299,0
DA:300,0
DA:303,0
DA:304,0
DA:307,0
DA:308,0
DA:310,0
DA:311,0
DA:312,0
DA:315,0
LF:136
LH:0
BRDA:33,0,0,0
BRDA:51,1,0,0
BRDA:77,2,0,0
BRDA:78,3,0,0
BRDA:78,3,1,0
BRDA:87,4,0,0
BRDA:87,4,1,0
BRDA:88,5,0,0
BRDA:88,5,1,0
BRDA:92,6,0,0
BRDA:96,7,0,0
BRDA:96,7,1,0
BRDA:130,8,0,0
BRDA:130,9,0,0
BRDA:130,9,1,0
BRDA:137,10,0,0
BRDA:137,10,1,0
BRDA:139,11,0,0
BRDA:139,11,1,0
BRDA:140,12,0,0
BRDA:161,13,0,0
BRDA:164,14,0,0
BRDA:207,15,0,0
BRDA:214,16,0,0
BRDA:214,17,0,0
BRDA:214,17,1,0
BRDA:214,17,2,0
BRDA:226,18,0,0
BRDA:226,18,1,0
BRDA:226,18,2,0
BRDA:226,18,3,0
BRDA:226,18,4,0
BRDA:228,19,0,0
BRDA:241,20,0,0
BRDA:255,21,0,0
BRDA:269,22,0,0
BRDA:270,23,0,0
BRDA:270,23,1,0
BRDA:270,23,2,0
BRDA:284,24,0,0
BRDA:303,25,0,0
BRDA:307,26,0,0
BRDA:308,27,0,0
BRDA:310,28,0,0
BRF:44
BRH:0
end_of_record
TN:
SF:src\config\parse\shortcuts.ts
FN:21,loadManifestShortcuts
FN:40,makeShortcut
FNF:2
FNH:0
FNDA:0,loadManifestShortcuts
FNDA:0,makeShortcut
DA:22,0
DA:24,0
DA:25,0
DA:26,0
DA:29,0
DA:31,0
DA:32,0
DA:33,0
DA:34,0
DA:37,0
DA:41,0
DA:55,0
DA:61,0
DA:63,0
DA:66,0
DA:68,0
DA:69,0
DA:72,0
DA:73,0
DA:74,0
DA:76,0
DA:78,0
DA:79,0
DA:80,0
DA:85,0
DA:86,0
DA:87,0
DA:90,0
DA:91,0
DA:92,0
DA:97,0
DA:98,0
DA:99,0
DA:102,0
DA:103,0
DA:104,0
DA:107,0
DA:108,0
DA:109,0
DA:112,0
DA:113,0
DA:114,0
DA:117,0
DA:118,0
DA:119,0
DA:122,0
DA:123,0
DA:131,0
LF:48
LH:0
BRDA:24,0,0,0
BRDA:61,1,0,0
BRDA:68,2,0,0
BRDA:68,3,0,0
BRDA:68,3,1,0
BRDA:68,3,2,0
BRDA:76,4,0,0
BRDA:76,4,1,0
BRDA:76,4,2,0
BRDA:76,4,3,0
BRDA:76,4,4,0
BRDA:78,5,0,0
BRDA:90,6,0,0
BRDA:102,7,0,0
BRDA:112,8,0,0
BRDA:122,9,0,0
BRF:16
BRH:0
end_of_record
TN:
SF:src\config\parse\section\section-logs.ts
FN:24,parseLogsSection
FNF:1
FNH:0
FNDA:0,parseLogsSection
DA:15,0
DA:16,0
DA:25,0
DA:26,0
DA:27,0
DA:30,0
DA:32,0
DA:33,0
DA:34,0
DA:37,0
DA:39,0
DA:40,0
DA:41,0
DA:43,0
DA:45,0
DA:46,0
DA:47,0
DA:50,0
DA:51,0
DA:52,0
DA:55,0
DA:56,0
DA:57,0
DA:60,0
DA:61,0
DA:62,0
DA:65,0
DA:66,0
DA:67,0
DA:70,0
DA:71,0
DA:72,0
DA:75,0
DA:80,0
DA:82,0
LF:35
LH:0
BRDA:25,0,0,0
BRDA:32,1,0,0
BRDA:32,2,0,0
BRDA:32,2,1,0
BRDA:32,2,2,0
BRDA:43,3,0,0
BRDA:43,3,1,0
BRDA:43,3,2,0
BRDA:43,3,3,0
BRDA:45,4,0,0
BRDA:55,5,0,0
BRDA:65,6,0,0
BRF:12
BRH:0
end_of_record
TN:
SF:src\config\parse\section\section-other.ts
FN:24,parseOtherSection
FNF:1
FNH:0
FNDA:0,parseOtherSection
DA:15,0
DA:16,0
DA:25,0
DA:26,0
DA:27,0
DA:30,0
DA:32,0
DA:33,0
DA:34,0
DA:37,0
DA:39,0
DA:40,0
DA:41,0
DA:43,0
DA:45,0
DA:46,0
DA:47,0
DA:50,0
DA:51,0
DA:52,0
DA:55,0
DA:56,0
DA:57,0
DA:60,0
DA:61,0
DA:62,0
DA:65,0
DA:66,0
DA:67,0
DA:70,0
DA:71,0
DA:72,0
DA:75,0
DA:80,0
DA:82,0
LF:35
LH:0
BRDA:25,0,0,0
BRDA:32,1,0,0
BRDA:32,2,0,0
BRDA:32,2,1,0
BRDA:32,2,2,0
BRDA:43,3,0,0
BRDA:43,3,1,0
BRDA:43,3,2,0
BRDA:43,3,3,0
BRDA:45,4,0,0
BRDA:55,5,0,0
BRDA:65,6,0,0
BRF:12
BRH:0
end_of_record
TN:
SF:src\config\parse\section\section-output.ts
FN:26,parseOutputSection
FNF:1
FNH:0
FNDA:0,parseOutputSection
DA:17,0
DA:18,0
DA:27,0
DA:28,0
DA:29,0
DA:32,0
DA:34,0
DA:35,0
DA:36,0
DA:39,0
DA:41,0
DA:42,0
DA:43,0
DA:45,0
DA:47,0
DA:48,0
DA:49,0
DA:52,0
DA:53,0
DA:54,0
DA:57,0
DA:58,0
DA:59,0
DA:62,0
DA:63,0
DA:64,0
DA:67,0
DA:68,0
DA:69,0
DA:72,0
DA:74,0
DA:75,0
DA:77,0
DA:78,0
DA:81,0
DA:82,0
DA:85,0
DA:90,0
DA:92,0
LF:39
LH:0
BRDA:27,0,0,0
BRDA:34,1,0,0
BRDA:34,2,0,0
BRDA:34,2,1,0
BRDA:34,2,2,0
BRDA:45,3,0,0
BRDA:45,3,1,0
BRDA:45,3,2,0
BRDA:45,3,3,0
BRDA:47,4,0,0
BRDA:57,5,0,0
BRDA:67,6,0,0
BRDA:74,7,0,0
BRDA:74,7,1,0
BRDA:75,8,0,0
BRDA:75,8,1,0
BRF:16
BRH:0
end_of_record
TN:
SF:src\config\parse\section\section-search.ts
FN:29,parseSearchSection
FN:79,(anonymous_1)
FNF:2
FNH:0
FNDA:0,parseSearchSection
FNDA:0,(anonymous_1)
DA:19,0
DA:20,0
DA:30,0
DA:31,0
DA:32,0
DA:35,0
DA:37,0
DA:38,0
DA:39,0
DA:42,0
DA:44,0
DA:45,0
DA:46,0
DA:48,0
DA:50,0
DA:51,0
DA:52,0
DA:55,0
DA:56,0
DA:57,0
DA:60,0
DA:61,0
DA:62,0
DA:65,0
DA:66,0
DA:67,0
DA:72,0
DA:73,0
DA:76,0
DA:79,0
DA:80,0
DA:81,0
DA:83,0
DA:84,0
DA:86,0
DA:92,0
DA:95,0
DA:100,0
DA:102,0
LF:39
LH:0
BRDA:30,0,0,0
BRDA:37,1,0,0
BRDA:37,2,0,0
BRDA:37,2,1,0
BRDA:37,2,2,0
BRDA:48,3,0,0
BRDA:48,3,1,0
BRDA:48,3,2,0
BRDA:48,3,3,0
BRDA:50,4,0,0
BRDA:60,5,0,0
BRDA:72,6,0,0
BRDA:79,7,0,0
BRDA:79,7,1,0
BRDA:79,8,0,0
BRDA:79,8,1,0
BRDA:83,9,0,0
BRDA:83,9,1,0
BRF:18
BRH:0
end_of_record
TN:
SF:src\config\parse\section\section-validate.ts
FN:34,parseValidateSection
FN:97,(anonymous_1)
FNF:2
FNH:0
FNDA:0,parseValidateSection
FNDA:0,(anonymous_1)
DA:16,0
DA:17,0
DA:35,0
DA:36,0
DA:37,0
DA:40,0
DA:42,0
DA:43,0
DA:44,0
DA:47,0
DA:49,0
DA:50,0
DA:51,0
DA:53,0
DA:55,0
DA:56,0
DA:57,0
DA:60,0
DA:61,0
DA:62,0
DA:65,0
DA:66,0
DA:67,0
DA:70,0
DA:71,0
DA:72,0
DA:75,0
DA:76,0
DA:77,0
DA:80,0
DA:81,0
DA:82,0
DA:85,0
DA:86,0
DA:87,0
DA:92,0
DA:93,0
DA:94,0
DA:97,0
DA:99,0
DA:101,0
DA:106,0
DA:107,0
DA:108,0
DA:111,0
DA:116,0
DA:118,0
LF:47
LH:0
BRDA:35,0,0,0
BRDA:42,1,0,0
BRDA:42,2,0,0
BRDA:42,2,1,0
BRDA:42,2,2,0
BRDA:53,3,0,0
BRDA:53,3,1,0
BRDA:53,3,2,0
BRDA:53,3,3,0
BRDA:53,3,4,0
BRDA:55,4,0,0
BRDA:65,5,0,0
BRDA:75,6,0,0
BRDA:85,7,0,0
BRDA:85,8,0,0
BRDA:85,8,1,0
BRDA:85,8,2,0
BRDA:92,9,0,0
BRDA:92,9,1,0
BRDA:94,10,0,0
BRDA:94,10,1,0
BRDA:95,11,0,0
BRDA:95,11,1,0
BRDA:95,11,2,0
BRF:24
BRH:0
end_of_record
TN:
SF:src\type\config\OutputMode.ts
FN:1,(anonymous_0)
FNF:1
FNH:0
FNDA:0,(anonymous_0)
DA:1,0
DA:2,0
DA:3,0
LF:3
LH:0
BRDA:1,0,0,0
BRDA:1,0,1,0
BRF:2
BRH:0
end_of_record
TN:
SF:src\type\config\UserConfig.ts
FN:18,(anonymous_0)
FN:51,(anonymous_1)
FN:51,(anonymous_2)
FN:54,(anonymous_3)
FN:55,(anonymous_4)
FN:56,(anonymous_5)
FN:59,(anonymous_6)
FN:60,(anonymous_7)
FN:61,(anonymous_8)
FN:62,(anonymous_9)
FN:65,(anonymous_10)
FN:66,(anonymous_11)
FN:67,(anonymous_12)
FN:70,(anonymous_13)
FN:71,(anonymous_14)
FN:72,(anonymous_15)
FNF:16
FNH:0
FNDA:0,(anonymous_0)
FNDA:0,(anonymous_1)
FNDA:0,(anonymous_2)
FNDA:0,(anonymous_3)
FNDA:0,(anonymous_4)
FNDA:0,(anonymous_5)
FNDA:0,(anonymous_6)
FNDA:0,(anonymous_7)
FNDA:0,(anonymous_8)
FNDA:0,(anonymous_9)
FNDA:0,(anonymous_10)
FNDA:0,(anonymous_11)
FNDA:0,(anonymous_12)
FNDA:0,(anonymous_13)
FNDA:0,(anonymous_14)
FNDA:0,(anonymous_15)
DA:19,0
DA:24,0
DA:29,0
DA:35,0
DA:40,0
DA:51,0
DA:54,0
DA:55,0
DA:56,0
DA:59,0
DA:60,0
DA:61,0
DA:62,0
DA:65,0
DA:66,0
DA:67,0
DA:70,0
DA:71,0
DA:72,0
LF:19
LH:0
BRDA:66,0,0,0
BRDA:66,0,1,0
BRDA:67,1,0,0
BRDA:67,1,1,0
BRDA:67,1,2,0
BRF:5
BRH:0
end_of_record
TN:
SF:src\type\manifest\Manifest.ts
FN:50,(anonymous_1)
FN:61,(anonymous_2)
FN:65,(anonymous_3)
FN:69,(anonymous_4)
FN:73,(anonymous_5)
FN:79,(anonymous_6)
FN:83,(anonymous_7)
FN:87,(anonymous_8)
FN:94,(anonymous_9)
FN:110,(anonymous_10)
FN:123,(anonymous_11)
FN:132,(anonymous_12)
FN:143,(anonymous_13)
FN:147,(anonymous_14)
FN:148,(anonymous_15)
FN:151,(anonymous_16)
FN:152,(anonymous_17)
FN:155,(anonymous_18)
FN:159,(anonymous_19)
FN:207,(anonymous_20)
FN:245,(anonymous_21)
FN:282,(anonymous_22)
FNF:22
FNH:7
FNDA:24,(anonymous_1)
FNDA:0,(anonymous_2)
FNDA:0,(anonymous_3)
FNDA:0,(anonymous_4)
FNDA:0,(anonymous_5)
FNDA:1,(anonymous_6)
FNDA:1,(anonymous_7)
FNDA:6,(anonymous_8)
FNDA:3,(anonymous_9)
FNDA:4,(anonymous_10)
FNDA:0,(anonymous_11)
FNDA:4,(anonymous_12)
FNDA:0,(anonymous_13)
FNDA:0,(anonymous_14)
FNDA:0,(anonymous_15)
FNDA:0,(anonymous_16)
FNDA:0,(anonymous_17)
FNDA:0,(anonymous_18)
FNDA:0,(anonymous_19)
FNDA:0,(anonymous_20)
FNDA:0,(anonymous_21)
FNDA:0,(anonymous_22)
DA:1,2
DA:2,2
DA:4,2
DA:6,2
DA:7,2
DA:8,2
DA:14,2
DA:15,2
DA:25,2
DA:31,2
DA:51,24
DA:52,24
DA:53,24
DA:54,24
DA:55,24
DA:62,0
DA:66,0
DA:70,0
DA:74,0
DA:80,1
DA:84,1
DA:88,6
DA:90,4
DA:95,3
DA:97,3
DA:111,4
DA:112,3
DA:114,1
DA:124,0
DA:126,0
DA:128,0
DA:133,4
DA:135,3
DA:137,1
DA:144,0
DA:148,0
DA:152,0
DA:156,0
DA:160,0
DA:161,0
DA:162,0
DA:164,0
DA:165,0
DA:166,0
DA:167,0
DA:168,0
DA:169,0
DA:173,0
DA:174,0
DA:178,0
DA:181,0
DA:182,0
DA:183,0
DA:189,0
DA:203,0
DA:208,0
DA:209,0
DA:211,0
DA:212,0
DA:213,0
DA:217,0
DA:219,0
DA:221,0
DA:224,0
DA:225,0
DA:228,0
DA:233,0
DA:235,0
DA:238,0
DA:242,0
DA:246,0
DA:247,0
DA:249,0
DA:250,0
DA:251,0
DA:252,0
DA:253,0
DA:255,0
DA:256,0
DA:269,0
DA:283,0
DA:285,0
DA:286,0
DA:287,0
DA:288,0
DA:290,0
DA:292,0
DA:293,0
DA:294,0
DA:296,0
DA:298,0
DA:299,0
DA:300,0
DA:301,0
DA:303,0
DA:304,0
DA:305,0
DA:307,0
DA:310,0
DA:312,0
DA:314,0
DA:315,0
DA:316,0
DA:317,0
DA:322,2
LF:105
LH:28
BRDA:88,0,0,2
BRDA:95,1,0,0
BRDA:95,2,0,3
BRDA:95,2,1,3
BRDA:111,3,0,3
BRDA:111,3,1,1
BRDA:124,4,0,0
BRDA:124,4,1,0
BRDA:133,5,0,3
BRDA:133,5,1,1
BRDA:173,6,0,0
BRDA:209,7,0,0
BRDA:209,7,1,0
BRDA:211,8,0,0
BRDA:211,8,1,0
BRDA:212,9,0,0
BRDA:212,9,1,0
BRDA:213,10,0,0
BRDA:213,10,1,0
BRDA:217,11,0,0
BRDA:217,11,1,0
BRDA:219,12,0,0
BRDA:219,12,1,0
BRDA:224,13,0,0
BRDA:224,13,1,0
BRDA:233,14,0,0
BRDA:233,14,1,0
BRDA:287,15,0,0
BRDA:287,15,1,0
BRDA:288,16,0,0
BRDA:288,16,1,0
BRDA:293,17,0,0
BRDA:296,18,0,0
BRDA:296,18,1,0
BRDA:298,19,0,0
BRDA:298,19,1,0
BRDA:304,20,0,0
BRDA:304,20,1,0
BRDA:310,21,0,0
BRDA:314,22,0,0
BRF:40
BRH:7
end_of_record
TN:
SF:src\type\manifest\ManifestEmptyWriteResults.ts
FN:14,(anonymous_0)
FNF:1
FNH:0
FNDA:0,(anonymous_0)
DA:9,2
DA:12,0
DA:15,0
DA:16,0
DA:20,2
LF:5
LH:2
BRF:0
BRH:0
end_of_record
TN:
SF:src\type\manifest\ManifestNameSource.ts
FN:2,(anonymous_0)
FNF:1
FNH:1
FNDA:2,(anonymous_0)
DA:2,2
DA:3,2
DA:4,2
DA:7,2
LF:4
LH:4
BRDA:2,0,0,2
BRDA:2,0,1,2
BRF:2
BRH:2
end_of_record
TN:
SF:src\type\manifest\ManifestOutputMode.ts
FN:1,(anonymous_0)
FNF:1
FNH:0
FNDA:0,(anonymous_0)
DA:1,0
DA:2,0
DA:3,0
LF:3
LH:0
BRDA:1,0,0,0
BRDA:1,0,1,0
BRF:2
BRH:0
end_of_record
TN:
SF:src\type\shortcut\Shortcut.ts
FN:24,(anonymous_1)
FN:53,(anonymous_2)
FN:67,(anonymous_3)
FN:71,(anonymous_4)
FN:77,(anonymous_5)
FN:92,(anonymous_6)
FN:96,(anonymous_7)
FNF:7
FNH:7
FNDA:24,(anonymous_1)
FNDA:2,(anonymous_2)
FNDA:1,(anonymous_3)
FNDA:7,(anonymous_4)
FNDA:3,(anonymous_5)
FNDA:2,(anonymous_6)
FNDA:2,(anonymous_7)
DA:1,2
DA:3,2
DA:5,2
DA:6,2
DA:7,2
DA:9,2
DA:27,24
DA:28,1
DA:33,23
DA:34,23
DA:35,23
DA:36,23
DA:38,23
DA:39,0
DA:40,0
DA:41,0
DA:42,0
DA:54,2
DA:68,1
DA:72,7
DA:78,3
DA:79,3
DA:83,3
DA:84,0
DA:89,3
DA:93,2
DA:97,2
DA:101,2
LF:28
LH:23
BRDA:27,0,0,1
BRDA:36,1,0,23
BRDA:36,1,1,23
BRDA:38,2,0,0
BRDA:83,3,0,0
BRF:5
BRH:3
end_of_record
TN:
SF:src\utility\boolean.ts
FN:29,formattedBoolean
FN:47,(anonymous_2)
FN:49,(anonymous_3)
FN:50,(anonymous_4)
FN:51,(anonymous_5)
FNF:5
FNH:2
FNDA:18,formattedBoolean
FNDA:5,(anonymous_2)
FNDA:0,(anonymous_3)
FNDA:0,(anonymous_4)
FNDA:0,(anonymous_5)
DA:1,3
DA:3,3
DA:6,3
DA:36,18
DA:37,10
DA:40,8
DA:41,8
DA:42,8
DA:43,4
DA:47,3
DA:48,5
DA:49,3
DA:50,3
DA:51,3
DA:53,3
LF:15
LH:15
BRDA:36,0,0,10
BRDA:40,1,0,4
BRDA:40,1,1,4
BRDA:41,2,0,4
BRDA:42,3,0,4
BRDA:43,4,0,2
BRDA:43,4,1,2
BRDA:47,5,0,5
BRF:8
BRH:8
end_of_record
TN:
SF:src\utility\config.ts
FN:36,(anonymous_0)
FN:70,(anonymous_1)
FN:72,(anonymous_2)
FN:73,(anonymous_3)
FN:74,(anonymous_4)
FN:80,(anonymous_5)
FN:83,(anonymous_6)
FN:86,(anonymous_7)
FN:93,(anonymous_8)
FN:97,(anonymous_9)
FN:100,(anonymous_10)
FN:114,(anonymous_11)
FN:117,(anonymous_12)
FN:127,(anonymous_13)
FN:142,(anonymous_14)
FN:146,(anonymous_15)
FN:158,(anonymous_16)
FN:170,(anonymous_17)
FN:176,(anonymous_18)
FN:180,(anonymous_19)
FN:183,(anonymous_20)
FNF:21
FNH:0
FNDA:0,(anonymous_0)
FNDA:0,(anonymous_1)
FNDA:0,(anonymous_2)
FNDA:0,(anonymous_3)
FNDA:0,(anonymous_4)
FNDA:0,(anonymous_5)
FNDA:0,(anonymous_6)
FNDA:0,(anonymous_7)
FNDA:0,(anonymous_8)
FNDA:0,(anonymous_9)
FNDA:0,(anonymous_10)
FNDA:0,(anonymous_11)
FNDA:0,(anonymous_12)
FNDA:0,(anonymous_13)
FNDA:0,(anonymous_14)
FNDA:0,(anonymous_15)
FNDA:0,(anonymous_16)
FNDA:0,(anonymous_17)
FNDA:0,(anonymous_18)
FNDA:0,(anonymous_19)
FNDA:0,(anonymous_20)
DA:36,0
DA:41,0
DA:42,0
DA:70,0
DA:71,0
DA:72,0
DA:73,0
DA:74,0
DA:80,0
DA:81,0
DA:83,0
DA:86,0
DA:87,0
DA:88,0
DA:93,0
DA:94,0
DA:97,0
DA:98,0
DA:100,0
DA:106,0
DA:107,0
DA:108,0
DA:110,0
DA:111,0
DA:114,0
DA:115,0
DA:117,0
DA:118,0
DA:127,0
DA:134,0
DA:135,0
DA:136,0
DA:138,0
DA:139,0
DA:142,0
DA:143,0
DA:146,0
DA:147,0
DA:149,0
DA:150,0
DA:151,0
DA:154,0
DA:158,0
DA:159,0
DA:160,0
DA:161,0
DA:163,0
DA:164,0
DA:165,0
DA:166,0
DA:170,0
DA:171,0
DA:172,0
DA:176,0
DA:177,0
DA:180,0
DA:181,0
DA:183,0
DA:190,0
DA:191,0
DA:193,0
DA:194,0
DA:196,0
DA:198,0
LF:64
LH:0
BRDA:41,0,0,0
BRDA:41,0,1,0
BRDA:44,1,0,0
BRDA:44,1,1,0
BRDA:81,2,0,0
BRDA:81,2,1,0
BRDA:147,3,0,0
BRDA:150,4,0,0
BRDA:150,4,1,0
BRDA:150,5,0,0
BRDA:150,5,1,0
BRDA:151,6,0,0
BRDA:164,7,0,0
BRDA:171,8,0,0
BRDA:188,9,0,0
BRDA:193,10,0,0
BRDA:193,10,1,0
BRDA:196,11,0,0
BRF:18
BRH:0
end_of_record
TN:
SF:src\utility\console.ts
FN:5,(anonymous_0)
FN:6,(anonymous_1)
FN:14,(anonymous_2)
FN:15,(anonymous_3)
FN:21,(anonymous_4)
FN:22,(anonymous_5)
FN:28,(anonymous_6)
FN:29,(anonymous_7)
FNF:8
FNH:2
FNDA:1,(anonymous_0)
FNDA:1,(anonymous_1)
FNDA:0,(anonymous_2)
FNDA:0,(anonymous_3)
FNDA:0,(anonymous_4)
FNDA:0,(anonymous_5)
FNDA:0,(anonymous_6)
FNDA:0,(anonymous_7)
DA:5,4
DA:6,1
DA:14,4
DA:15,0
DA:21,4
DA:22,0
DA:28,4
DA:29,0
DA:31,4
LF:9
LH:6
BRDA:14,0,0,0
BRF:1
BRH:0
end_of_record
TN:
SF:src\utility\debug.ts
FN:17,isProcessDebugging
FN:27,isProcessVerbose
FN:37,isEnvDebug
FN:47,isEnvVerbose
FN:58,isVerbose
FN:80,isDebugActive
FN:92,(anonymous_7)
FN:92,(anonymous_8)
FN:105,(anonymous_9)
FN:121,(anonymous_10)
FN:121,(anonymous_11)
FN:132,(anonymous_12)
FNF:12
FNH:6
FNDA:13,isProcessDebugging
FNDA:12,isProcessVerbose
FNDA:15,isEnvDebug
FNDA:14,isEnvVerbose
FNDA:11,isVerbose
FNDA:12,isDebugActive
FNDA:0,(anonymous_7)
FNDA:0,(anonymous_8)
FNDA:0,(anonymous_9)
FNDA:0,(anonymous_10)
FNDA:0,(anonymous_11)
FNDA:0,(anonymous_12)
DA:1,3
DA:3,3
DA:4,3
DA:6,3
DA:7,3
DA:18,13
DA:28,12
DA:38,15
DA:48,14
DA:59,11
DA:81,12
DA:92,3
DA:105,3
DA:106,0
DA:107,0
DA:109,0
DA:110,0
DA:112,0
DA:121,3
DA:132,3
DA:133,0
DA:134,0
DA:138,3
DA:139,3
DA:140,3
DA:141,3
LF:26
LH:19
BRDA:59,0,0,11
BRDA:59,0,1,8
BRDA:80,1,0,12
BRDA:81,2,0,12
BRDA:81,2,1,8
BRDA:81,2,2,2
BRDA:81,2,3,2
BRDA:92,3,0,0
BRDA:92,3,1,0
BRDA:105,4,0,0
BRDA:106,5,0,0
BRDA:106,6,0,0
BRDA:106,6,1,0
BRDA:106,6,2,0
BRDA:109,7,0,0
BRDA:121,8,0,0
BRDA:132,9,0,0
BRF:17
BRH:7
end_of_record
TN:
SF:src\utility\package.ts
FN:4,(anonymous_0)
FN:15,(anonymous_1)
FN:20,(anonymous_2)
FNF:3
FNH:0
FNDA:0,(anonymous_0)
FNDA:0,(anonymous_1)
FNDA:0,(anonymous_2)
DA:4,0
DA:5,0
DA:6,0
DA:7,0
DA:8,0
DA:10,0
DA:11,0
DA:15,0
DA:16,0
DA:17,0
DA:20,0
DA:21,0
LF:12
LH:0
BRF:0
BRH:0
end_of_record
TN:
SF:src\utility\path.ts
FN:35,pathHasFileExtension
FN:76,replaceFileExtension
FN:103,(anonymous_3)
FN:113,(anonymous_4)
FN:139,normalizeFileExtension
FN:152,(anonymous_6)
FN:184,basenameWithoutExtensions
FN:199,(anonymous_8)
FN:265,fmtPath
FN:297,fmtPathWithExistsPrefix
FN:325,fmtPathWithName
FN:340,fmtPathWithExistsAndName
FN:361,fmtPathAsTag
FN:379,isPathAccessible
FNF:14
FNH:5
FNDA:11,pathHasFileExtension
FNDA:0,replaceFileExtension
FNDA:0,(anonymous_3)
FNDA:0,(anonymous_4)
FNDA:27,normalizeFileExtension
FNDA:20,(anonymous_6)
FNDA:28,basenameWithoutExtensions
FNDA:33,(anonymous_8)
FNDA:0,fmtPath
FNDA:0,fmtPathWithExistsPrefix
FNDA:0,fmtPathWithName
FNDA:0,fmtPathWithExistsAndName
FNDA:0,fmtPathAsTag
FNDA:0,isPathAccessible
DA:1,3
DA:2,3
DA:4,3
DA:6,3
DA:35,3
DA:39,11
DA:40,7
DA:41,4
DA:42,0
DA:45,4
DA:46,4
DA:48,0
DA:50,0
DA:51,0
DA:52,0
DA:55,0
DA:56,0
DA:57,0
DA:62,0
DA:76,3
DA:82,0
DA:83,0
DA:84,0
DA:86,0
DA:89,0
DA:90,0
DA:91,0
DA:92,0
DA:93,0
DA:94,0
DA:96,0
DA:98,0
DA:99,0
DA:100,0
DA:102,0
DA:104,0
DA:105,0
DA:108,0
DA:111,0
DA:113,0
DA:114,0
DA:117,0
DA:118,0
DA:119,0
DA:121,0
DA:122,0
DA:126,0
DA:139,3
DA:143,27
DA:144,7
DA:147,20
DA:148,0
DA:152,20
DA:153,0
DA:158,20
DA:159,0
DA:160,0
DA:162,0
DA:166,20
DA:167,8
DA:169,4
DA:184,3
DA:189,28
DA:190,7
DA:194,21
DA:195,5
DA:199,33
DA:200,5
DA:204,11
DA:205,5
DA:208,6
DA:210,4
DA:212,6
DA:213,12
DA:214,12
DA:217,6
DA:220,6
DA:221,0
DA:222,0
DA:224,0
DA:227,0
DA:228,0
DA:233,6
DA:235,6
DA:236,17
DA:237,17
DA:239,17
DA:241,11
DA:242,18
DA:243,11
DA:244,11
DA:245,11
DA:250,0
DA:265,3
DA:270,0
DA:271,0
DA:274,0
DA:275,0
DA:276,0
DA:278,0
DA:297,3
DA:305,0
DA:306,0
DA:308,0
DA:309,0
DA:310,0
DA:312,0
DA:313,0
DA:314,0
DA:315,0
DA:316,0
DA:319,0
DA:320,0
DA:322,0
DA:325,3
DA:331,0
DA:332,0
DA:334,0
DA:335,0
DA:337,0
DA:340,3
DA:348,0
DA:349,0
DA:351,0
DA:352,0
DA:353,0
DA:355,0
DA:356,0
DA:358,0
DA:361,3
DA:367,0
DA:368,0
DA:370,0
DA:371,0
DA:373,0
DA:375,0
DA:379,3
DA:380,0
DA:381,0
DA:382,0
DA:384,0
LF:141
LH:52
BRDA:37,0,0,7
BRDA:39,1,0,7
BRDA:41,2,0,0
BRDA:41,3,0,4
BRDA:41,3,1,0
BRDA:45,4,0,4
BRDA:45,5,0,4
BRDA:45,5,1,4
BRDA:50,6,0,0
BRDA:50,6,1,0
BRDA:51,7,0,0
BRDA:51,8,0,0
BRDA:51,8,1,0
BRDA:51,8,2,0
BRDA:56,9,0,0
BRDA:80,10,0,0
BRDA:82,11,0,0
BRDA:82,12,0,0
BRDA:82,12,1,0
BRDA:84,13,0,0
BRDA:84,14,0,0
BRDA:84,14,1,0
BRDA:84,14,2,0
BRDA:89,15,0,0
BRDA:89,16,0,0
BRDA:89,16,1,0
BRDA:91,17,0,0
BRDA:93,18,0,0
BRDA:98,19,0,0
BRDA:98,19,1,0
BRDA:99,20,0,0
BRDA:99,20,1,0
BRDA:104,21,0,0
BRDA:113,22,0,0
BRDA:113,22,1,0
BRDA:119,23,0,0
BRDA:119,24,0,0
BRDA:119,24,1,0
BRDA:121,25,0,0
BRDA:141,26,0,27
BRDA:143,27,0,7
BRDA:147,28,0,0
BRDA:147,29,0,20
BRDA:147,29,1,20
BRDA:152,30,0,0
BRDA:152,31,0,20
BRDA:152,31,1,20
BRDA:158,32,0,0
BRDA:159,33,0,0
BRDA:159,33,1,0
BRDA:166,34,0,12
BRDA:167,35,0,4
BRDA:186,36,0,0
BRDA:187,37,0,17
BRDA:189,38,0,7
BRDA:194,39,0,5
BRDA:194,40,0,21
BRDA:194,40,1,17
BRDA:199,41,0,5
BRDA:199,42,0,16
BRDA:199,42,1,12
BRDA:204,43,0,5
BRDA:208,44,0,4
BRDA:213,45,0,0
BRDA:220,46,0,0
BRDA:224,47,0,0
BRDA:224,48,0,0
BRDA:224,48,1,0
BRDA:227,49,0,0
BRDA:227,50,0,0
BRDA:227,50,1,0
BRDA:239,51,0,6
BRDA:239,52,0,17
BRDA:239,52,1,11
BRDA:242,53,0,11
BRDA:242,54,0,18
BRDA:242,54,1,12
BRDA:267,55,0,0
BRDA:268,56,0,0
BRDA:270,57,0,0
BRDA:274,58,0,0
BRDA:274,59,0,0
BRDA:274,59,1,0
BRDA:275,60,0,0
BRDA:275,61,0,0
BRDA:275,61,1,0
BRDA:276,62,0,0
BRDA:300,63,0,0
BRDA:301,64,0,0
BRDA:302,65,0,0
BRDA:303,66,0,0
BRDA:305,67,0,0
BRDA:308,68,0,0
BRDA:308,69,0,0
BRDA:308,69,1,0
BRDA:310,70,0,0
BRDA:310,71,0,0
BRDA:310,71,1,0
BRDA:314,72,0,0
BRDA:315,73,0,0
BRDA:315,73,1,0
BRDA:316,74,0,0
BRDA:316,74,1,0
BRDA:320,75,0,0
BRDA:320,75,1,0
BRDA:320,76,0,0
BRDA:320,76,1,0
BRDA:328,77,0,0
BRDA:329,78,0,0
BRDA:331,79,0,0
BRDA:334,80,0,0
BRDA:334,81,0,0
BRDA:334,81,1,0
BRDA:344,82,0,0
BRDA:345,83,0,0
BRDA:346,84,0,0
BRDA:348,85,0,0
BRDA:351,86,0,0
BRDA:351,87,0,0
BRDA:351,87,1,0
BRDA:353,88,0,0
BRDA:353,89,0,0
BRDA:353,89,1,0
BRDA:356,90,0,0
BRDA:356,90,1,0
BRDA:363,91,0,0
BRDA:364,92,0,0
BRDA:365,93,0,0
BRDA:367,94,0,0
BRDA:370,95,0,0
BRDA:370,96,0,0
BRDA:370,96,1,0
BRDA:373,97,0,0
BRDA:373,97,1,0
BRF:134
BRH:30
end_of_record
TN:
SF:src\utility\process.ts
FN:28,(anonymous_1)
FN:62,doesPlatformExist
FN:87,isProcessRunning
FN:129,(anonymous_4)
FN:130,(anonymous_5)
FNF:5
FNH:5
FNDA:34,(anonymous_1)
FNDA:17,doesPlatformExist
FNDA:5,isProcessRunning
FNDA:2,(anonymous_4)
FNDA:2,(anonymous_5)
DA:1,4
DA:3,4
DA:5,4
DA:28,4
DA:29,34
DA:30,32
DA:32,32
DA:33,90
DA:34,195
DA:37,14
DA:43,4
DA:63,17
DA:88,5
DA:89,1
DA:92,4
DA:93,1
DA:96,3
DA:97,1
DA:100,2
DA:103,2
DA:105,6
DA:106,6
DA:108,6
DA:109,0
DA:113,6
DA:114,0
DA:115,6
DA:116,0
DA:119,2
DA:121,2
DA:122,0
DA:127,2
DA:129,2
DA:130,2
DA:131,2
DA:132,0
DA:133,0
DA:136,0
DA:137,0
DA:140,2
DA:141,0
DA:142,0
DA:145,2
DA:146,2
DA:151,4
LF:45
LH:35
BRDA:28,0,0,2
BRDA:29,1,0,2
BRDA:29,2,0,34
BRDA:29,2,1,28
BRDA:30,3,0,0
BRDA:34,4,0,18
BRDA:87,5,0,2
BRDA:88,6,0,1
BRDA:92,7,0,1
BRDA:96,8,0,1
BRDA:108,9,0,0
BRDA:113,10,0,0
BRDA:115,11,0,0
BRDA:121,12,0,0
BRDA:131,13,0,0
BRDA:132,14,0,0
BRDA:140,15,0,0
BRF:17
BRH:9
end_of_record
TN:
SF:src\utility\string-wrap.ts
FN:15,startsButDoesNotEndWith
FN:29,endsButDoesNotStartWith
FN:48,isWrapped
FN:71,wrap
FN:83,(anonymous_4)
FN:126,unwrap
FN:176,isSingleQuoted
FN:189,isDoubleQuoted
FN:208,isQuoted
FN:229,singleQuote
FN:251,doubleQuote
FN:274,quote
FN:301,unquote
FNF:13
FNH:13
FNDA:37,startsButDoesNotEndWith
FNDA:26,endsButDoesNotStartWith
FNDA:124,isWrapped
FNDA:43,wrap
FNDA:26,(anonymous_4)
FNDA:9,unwrap
FNDA:50,isSingleQuoted
FNDA:50,isDoubleQuoted
FNDA:31,isQuoted
FNDA:10,singleQuote
FNDA:10,doubleQuote
FNDA:14,quote
FNDA:18,unquote
DA:15,3
DA:16,37
DA:29,3
DA:33,26
DA:48,3
DA:52,124
DA:71,3
DA:77,43
DA:78,1
DA:83,42
DA:84,42
DA:85,42
DA:87,42
DA:88,26
DA:91,16
DA:92,2
DA:95,14
DA:96,7
DA:97,5
DA:99,2
DA:103,7
DA:104,7
DA:105,5
DA:107,2
DA:111,0
DA:126,3
DA:131,9
DA:132,1
DA:137,8
DA:138,4
DA:140,2
DA:141,1
DA:143,1
DA:145,2
DA:147,2
DA:148,1
DA:150,1
DA:154,0
DA:159,4
DA:160,4
DA:161,4
DA:164,4
DA:176,3
DA:177,50
DA:189,3
DA:190,50
DA:208,3
DA:212,31
DA:213,31
DA:229,3
DA:234,10
DA:251,3
DA:256,10
DA:274,3
DA:280,14
DA:281,0
DA:284,14
DA:285,14
DA:301,3
DA:306,18
DA:308,18
DA:309,1
DA:312,17
DA:313,15
DA:314,2
DA:316,13
DA:317,2
DA:320,11
DA:323,2
LF:69
LH:66
BRDA:16,0,0,37
BRDA:16,0,1,15
BRDA:33,1,0,26
BRDA:33,1,1,22
BRDA:52,2,0,124
BRDA:52,2,1,39
BRDA:74,3,0,1
BRDA:75,4,0,1
BRDA:77,5,0,1
BRDA:87,6,0,26
BRDA:87,7,0,42
BRDA:87,7,1,24
BRDA:87,7,2,15
BRDA:91,8,0,2
BRDA:91,9,0,16
BRDA:91,9,1,9
BRDA:95,10,0,7
BRDA:96,11,0,5
BRDA:96,11,1,2
BRDA:103,12,0,7
BRDA:104,13,0,5
BRDA:104,13,1,2
BRDA:129,14,0,1
BRDA:131,15,0,1
BRDA:137,16,0,4
BRDA:138,17,0,2
BRDA:138,17,1,2
BRDA:140,18,0,1
BRDA:140,18,1,1
BRDA:145,19,0,2
BRDA:145,19,1,0
BRDA:147,20,0,1
BRDA:147,20,1,1
BRDA:160,21,0,4
BRDA:160,22,0,4
BRDA:160,22,1,4
BRDA:160,22,2,4
BRDA:210,23,0,0
BRDA:213,24,0,2
BRDA:213,24,1,29
BRDA:213,25,0,31
BRDA:213,25,1,14
BRDA:231,26,0,0
BRDA:232,27,0,0
BRDA:253,28,0,0
BRDA:254,29,0,0
BRDA:276,30,0,0
BRDA:277,31,0,0
BRDA:278,32,0,0
BRDA:280,33,0,0
BRDA:280,34,0,14
BRDA:280,34,1,12
BRDA:280,34,2,2
BRDA:280,34,3,3
BRDA:284,35,0,7
BRDA:284,35,1,7
BRDA:303,36,0,0
BRDA:304,37,0,0
BRDA:306,38,0,8
BRDA:306,38,1,10
BRDA:308,39,0,1
BRDA:308,40,0,18
BRDA:308,40,1,8
BRDA:312,41,0,15
BRDA:313,42,0,2
BRDA:313,43,0,15
BRDA:313,43,1,4
BRDA:316,44,0,2
BRDA:316,45,0,13
BRDA:316,45,1,4
BRF:70
BRH:58
end_of_record
TN:
SF:src\utility\string.ts
FN:8,(anonymous_0)
FN:23,(anonymous_1)
FN:48,(anonymous_2)
FN:67,(anonymous_3)
FN:92,describeQuantity
FN:124,delimitedList
FN:171,(anonymous_6)
FNF:7
FNH:6
FNDA:21,(anonymous_0)
FNDA:15,(anonymous_1)
FNDA:60,(anonymous_2)
FNDA:8,(anonymous_3)
FNDA:22,describeQuantity
FNDA:15,delimitedList
FNDA:0,(anonymous_6)
DA:8,6
DA:9,21
DA:11,17
DA:13,17
DA:14,4
DA:16,13
DA:17,13
DA:23,6
DA:27,15
DA:28,4
DA:30,11
DA:31,6
DA:35,11
DA:36,11
DA:48,6
DA:49,60
DA:50,60
DA:67,6
DA:68,8
DA:69,8
DA:70,8
DA:92,6
DA:93,22
DA:94,5
DA:96,17
DA:97,4
DA:99,13
DA:100,13
DA:103,13
DA:104,13
DA:105,8
DA:106,5
DA:107,5
DA:108,5
DA:114,13
DA:115,13
DA:117,13
DA:119,13
DA:124,6
DA:125,15
DA:126,13
DA:128,13
DA:129,5
DA:130,3
DA:132,2
DA:138,8
DA:140,7
DA:141,7
DA:143,7
DA:144,21
DA:145,7
DA:147,14
DA:149,14
DA:152,0
DA:171,6
DA:172,0
LF:56
LH:54
BRDA:9,0,0,4
BRDA:9,1,0,21
BRDA:9,1,1,17
BRDA:13,2,0,4
BRDA:13,2,1,13
BRDA:25,3,0,9
BRDA:27,4,0,4
BRDA:27,4,1,11
BRDA:30,5,0,6
BRDA:69,6,0,0
BRDA:70,7,0,4
BRDA:70,7,1,4
BRDA:93,8,0,5
BRDA:96,9,0,4
BRDA:99,10,0,13
BRDA:99,11,0,13
BRDA:99,11,1,3
BRDA:99,11,2,3
BRDA:103,12,0,13
BRDA:104,13,0,8
BRDA:104,13,1,5
BRDA:104,14,0,13
BRDA:104,14,1,8
BRDA:106,15,0,5
BRDA:107,16,0,5
BRDA:107,17,0,5
BRDA:107,17,1,0
BRDA:114,18,0,0
BRDA:114,18,1,13
BRDA:114,19,0,13
BRDA:114,19,1,13
BRDA:117,20,0,0
BRDA:117,21,0,13
BRDA:117,21,1,13
BRDA:124,22,0,15
BRDA:125,23,0,2
BRDA:126,24,0,0
BRDA:128,25,0,5
BRDA:129,26,0,3
BRDA:129,26,1,2
BRDA:138,27,0,1
BRDA:144,28,0,7
BRDA:149,29,0,14
BRDA:172,30,0,0
BRDA:172,30,1,0
BRF:45
BRH:38
end_of_record
TN:
SF:src\utility\symbols.ts
FNF:0
FNH:0
DA:1,3
DA:3,3
DA:8,3
DA:23,3
LF:4
LH:4
BRF:0
BRH:0
end_of_record
TN:
SF:src\utility\type\BoolFmtPreset.ts
FNF:0
FNH:0
DA:6,3
DA:38,3
LF:2
LH:2
BRF:0
BRH:0
end_of_record
TN:
SF:src\utility\type\FindProcessDefaultOptions.ts
FNF:0
FNH:0
DA:3,4
DA:12,4
LF:2
LH:2
BRF:0
BRH:0
end_of_record
TN:
SF:src\utility\type\PlainSymbols.ts
FNF:0
FNH:0
DA:13,3
DA:69,3
LF:2
LH:2
BRF:0
BRH:0
end_of_record
TN:
SF:src\utility\type\StyledSymbols.ts
FNF:0
FNH:0
DA:15,0
LF:1
LH:0
BRF:0
BRH:0
end_of_record
